[2021-08-16 18:57:23] Executing bootstrap tasks
[2021-08-16 18:57:23] OpenJDK Runtime Environment 15.0.2+7-27
[2021-08-16 18:57:23] Product org.eclipse.products.epp.package.committers.2021-03
[2021-08-16 18:57:23] Bundle org.eclipse.oomph.setup 1.19.0.v20210223-0655, build=5032, branch=de1d74a6bf3addd102f8a873eabac293fbeaa3ad
[2021-08-16 18:57:23] Bundle org.eclipse.oomph.setup.core 1.19.0.v20210221-1019, build=5032, branch=de1d74a6bf3addd102f8a873eabac293fbeaa3ad
[2021-08-16 18:57:23] Bundle org.eclipse.oomph.setup.p2 1.16.0.v20200814-1205, build=5032, branch=de1d74a6bf3addd102f8a873eabac293fbeaa3ad
[2021-08-16 18:57:23] Performing P2 Director (Eclipse IDE for Eclipse Committers (2021-03))
[2021-08-16 18:57:23] Offline = false
[2021-08-16 18:57:23] Mirrors = true
[2021-08-16 18:57:23] Resolving 42 requirements from 3 repositoriesto F:\김준일 강사\java20210811\이효원3624\eclipse
[2021-08-16 18:57:23] Requirement org.eclipse.equinox.p2.iu:epp.package.committers [4.19.0,5.0.0)
[2021-08-16 18:57:23] Requirement org.eclipse.equinox.p2.iu:org.eclipse.platform.feature.group [4.19.0,5.0.0)
[2021-08-16 18:57:23] Requirement org.eclipse.equinox.p2.iu:org.eclipse.rcp.feature.group [4.19.0,5.0.0)
[2021-08-16 18:57:23] Requirement org.eclipse.equinox.p2.iu:org.eclipse.buildship.feature.group
[2021-08-16 18:57:23] Requirement org.eclipse.equinox.p2.iu:org.eclipse.e4.core.tools.feature.feature.group
[2021-08-16 18:57:23] Requirement org.eclipse.equinox.p2.iu:org.eclipse.eclemma.feature.feature.group
[2021-08-16 18:57:23] Requirement org.eclipse.equinox.p2.iu:org.eclipse.egit.feature.group
[2021-08-16 18:57:23] Requirement org.eclipse.equinox.p2.iu:org.eclipse.egit.gitflow.feature.feature.group
[2021-08-16 18:57:23] Requirement org.eclipse.equinox.p2.iu:org.eclipse.egit.mylyn.feature.group
[2021-08-16 18:57:23] Requirement org.eclipse.equinox.p2.iu:org.eclipse.epp.mpc.feature.group
[2021-08-16 18:57:23] Requirement org.eclipse.equinox.p2.iu:org.eclipse.jdt.feature.group
[2021-08-16 18:57:23] Requirement org.eclipse.equinox.p2.iu:org.eclipse.jdt.source.feature.group
[2021-08-16 18:57:23] Requirement org.eclipse.equinox.p2.iu:org.eclipse.jgit.http.apache.feature.group
[2021-08-16 18:57:23] Requirement org.eclipse.equinox.p2.iu:org.eclipse.m2e.feature.feature.group
[2021-08-16 18:57:23] Requirement org.eclipse.equinox.p2.iu:org.eclipse.m2e.lemminx.feature.feature.group
[2021-08-16 18:57:23] Requirement org.eclipse.equinox.p2.iu:org.eclipse.m2e.pde.feature.feature.group
[2021-08-16 18:57:23] Requirement org.eclipse.equinox.p2.iu:org.eclipse.mylyn.bugzilla_feature.feature.group
[2021-08-16 18:57:23] Requirement org.eclipse.equinox.p2.iu:org.eclipse.mylyn.builds.feature.group
[2021-08-16 18:57:23] Requirement org.eclipse.equinox.p2.iu:org.eclipse.mylyn.commons.feature.group
[2021-08-16 18:57:23] Requirement org.eclipse.equinox.p2.iu:org.eclipse.mylyn.commons.identity.feature.group
[2021-08-16 18:57:23] Requirement org.eclipse.equinox.p2.iu:org.eclipse.mylyn.commons.notifications.feature.group
[2021-08-16 18:57:23] Requirement org.eclipse.equinox.p2.iu:org.eclipse.mylyn.commons.repositories.feature.group
[2021-08-16 18:57:23] Requirement org.eclipse.equinox.p2.iu:org.eclipse.mylyn.commons.repositories.http.feature.group
[2021-08-16 18:57:23] Requirement org.eclipse.equinox.p2.iu:org.eclipse.mylyn.discovery.feature.group
[2021-08-16 18:57:23] Requirement org.eclipse.equinox.p2.iu:org.eclipse.mylyn.gerrit.dashboard.feature.feature.group
[2021-08-16 18:57:23] Requirement org.eclipse.equinox.p2.iu:org.eclipse.mylyn.gerrit.feature.feature.group
[2021-08-16 18:57:23] Requirement org.eclipse.equinox.p2.iu:org.eclipse.mylyn.git.feature.group
[2021-08-16 18:57:23] Requirement org.eclipse.equinox.p2.iu:org.eclipse.mylyn.hudson.feature.group
[2021-08-16 18:57:23] Requirement org.eclipse.equinox.p2.iu:org.eclipse.mylyn.monitor.feature.group
[2021-08-16 18:57:23] Requirement org.eclipse.equinox.p2.iu:org.eclipse.mylyn.reviews.feature.feature.group
[2021-08-16 18:57:23] Requirement org.eclipse.equinox.p2.iu:org.eclipse.mylyn.team_feature.feature.group
[2021-08-16 18:57:23] Requirement org.eclipse.equinox.p2.iu:org.eclipse.mylyn.versions.feature.group
[2021-08-16 18:57:23] Requirement org.eclipse.equinox.p2.iu:org.eclipse.mylyn.wikitext_feature.feature.group
[2021-08-16 18:57:23] Requirement org.eclipse.equinox.p2.iu:org.eclipse.mylyn_feature.feature.group
[2021-08-16 18:57:23] Requirement org.eclipse.equinox.p2.iu:org.eclipse.pde.feature.group
[2021-08-16 18:57:23] Requirement org.eclipse.equinox.p2.iu:org.eclipse.pde.source.feature.group
[2021-08-16 18:57:23] Requirement org.eclipse.equinox.p2.iu:org.eclipse.platform.source.feature.group
[2021-08-16 18:57:23] Requirement org.eclipse.equinox.p2.iu:org.eclipse.rcp.source.feature.group
[2021-08-16 18:57:23] Requirement org.eclipse.equinox.p2.iu:org.eclipse.swt.tools.feature.feature.group
[2021-08-16 18:57:23] Requirement org.eclipse.equinox.p2.iu:org.eclipse.wildwebdeveloper.embedder.node.feature.feature.group
[2021-08-16 18:57:23] Requirement org.eclipse.equinox.p2.iu:org.eclipse.wildwebdeveloper.feature.feature.group
[2021-08-16 18:57:23] Requirement org.eclipse.equinox.p2.iu:org.eclipse.oomph.setup.feature.group
[2021-08-16 18:57:23] Repository http://download.eclipse.org/technology/epp/packages/2021-03/202103121200
[2021-08-16 18:57:23] Repository http://download.eclipse.org/releases/2021-03/202103171000
[2021-08-16 18:57:23] Repository http://download.eclipse.org/oomph/updates/milestone/latest
[2021-08-16 18:57:24] Calculating requirements and dependencies.
[2021-08-16 18:57:24] Computing prerequisite plan
[2021-08-16 18:57:26] Collecting 3 artifacts from http://download.eclipse.org/technology/epp/packages/2021-03/202103121200
[2021-08-16 18:57:26] Downloading epp.package.committers.executable.win32.win32.x86_64
[2021-08-16 18:57:26] Downloading org.eclipse.epp.package.committers.feature
[2021-08-16 18:57:26] Downloading org.eclipse.epp.package.committers
[2021-08-16 18:57:26] Fetching epp.package.committers.executable.win32.win32.x86_64_4.19.0.20210311-1200 from http://download.eclipse.org/technology/epp/packages/2021-03/202103121200/binary/ (154.17kB)
[2021-08-16 18:57:26] Fetching org.eclipse.epp.package.committers.feature_4.19.0.20210311-1200.jar from http://download.eclipse.org/technology/epp/packages/2021-03/202103121200/features/ (19.75kB)
[2021-08-16 18:57:26] Fetching org.eclipse.epp.package.committers_4.19.0.20210311-1200.jar.pack.gz from http://download.eclipse.org/technology/epp/packages/2021-03/202103121200/plugins/ (175.98kB)
[2021-08-16 18:57:27] Fetching epp.package.committers.executable.win32.win32.x86_64_4.19.0.20210311-1200 from http://download.eclipse.org/technology/epp/packages/2021-03/202103121200/binary/
[2021-08-16 18:57:27] Fetching org.eclipse.epp.package.committers_4.19.0.20210311-1200.jar.pack.gz from http://download.eclipse.org/technology/epp/packages/2021-03/202103121200/plugins/
[2021-08-16 18:57:30] Mirrored 3 artifacts from http://download.eclipse.org/technology/epp/packages/2021-03/202103121200/ at 66kb/s
[2021-08-16 18:57:30] Collected 3 artifacts for http://download.eclipse.org/technology/epp/packages/2021-03/202103121200 in 3.565s
[2021-08-16 18:57:30] Collecting 302 artifacts from http://download.eclipse.org/releases/2021-03/202103171000
[2021-08-16 18:57:40] Downloading org.eclipse.platform_root
[2021-08-16 18:57:40] Downloading org.eclipse.core.net.win32.x86_64.source
[2021-08-16 18:57:40] Downloading org.eclipse.swt.tools.base
[2021-08-16 18:57:40] Downloading org.eclipse.platform.source
[2021-08-16 18:57:40] Downloading org.eclipse.ui.themes.source
[2021-08-16 18:57:40] Downloading org.eclipse.jdt.annotation.source
[2021-08-16 18:57:40] Downloading org.eclipse.e4.ui.widgets.source
[2021-08-16 18:57:40] Downloading org.eclipse.e4.ui.swt.win32.source
[2021-08-16 18:57:40] Downloading org.eclipse.equinox.jsp.jasper.registry.source
[2021-08-16 18:57:40] Downloading org.eclipse.jdt.core.formatterapp.source
[2021-08-16 18:57:40] Downloading org.eclipse.e4.ui.ide.source
[2021-08-16 18:57:40] Fetching org.eclipse.jdt.annotation.source_1.1.500.v20200407-1355.jar from https://mirror.kakao.com/eclipse/releases/2021-03/202103171000/plugins/ (12.03kB)
[2021-08-16 18:57:40] Fetching org.eclipse.jdt.core.formatterapp.source_1.0.0.v20200119-0748.jar from https://ftp.yz.yamagata-u.ac.jp/pub/eclipse//releases/2021-03/202103171000/plugins/ (10.86kB)
[2021-08-16 18:57:40] Fetching org.eclipse.swt.tools.base_3.107.300.v20190925-1155.jar.pack.gz from https://ftp.yz.yamagata-u.ac.jp/pub/eclipse/releases/2021-03/202103171000/plugins/ (6.93kB)
[2021-08-16 18:57:40] Fetching org.eclipse.jdt.core.formatterapp.source_1.0.0.v20200119-0748.jar from https://ftp.yz.yamagata-u.ac.jp/pub/eclipse//releases/2021-03/202103171000/plugins/ (10.86kB)
[2021-08-16 18:57:40] Fetching org.eclipse.swt.tools.base_3.107.300.v20190925-1155.jar.pack.gz from https://ftp.yz.yamagata-u.ac.jp/pub/eclipse/releases/2021-03/202103171000/plugins/ (6.93kB)
[2021-08-16 18:57:40] Fetching org.eclipse.e4.ui.swt.win32.source_1.1.0.v20201119-1132.jar from https://ftp.jaist.ac.jp/pub/eclipse/releases/2021-03/202103171000/plugins/ (9.38kB)
[2021-08-16 18:57:40] Fetching org.eclipse.platform.source_4.19.0.v20210303-1800.jar from https://mirrors.tuna.tsinghua.edu.cn/eclipse/releases/2021-03/202103171000/plugins/ (10.64kB)
[2021-08-16 18:57:40] Fetching org.eclipse.core.net.win32.x86_64.source_1.1.500.v20190925-1337.jar from https://mirrors.nju.edu.cn/eclipse//releases/2021-03/202103171000/plugins/ (8.48kB)
[2021-08-16 18:57:40] Fetching org.eclipse.e4.ui.ide.source_3.15.200.v20210108-1832.jar from https://mirrors.neusoft.edu.cn/eclipse/releases/2021-03/202103171000/plugins/ (10.73kB)
[2021-08-16 18:57:41] Fetching org.eclipse.ui.themes.source_1.2.1300.v20210108-1832.jar from https://mirrors.ustc.edu.cn/eclipse/releases/2021-03/202103171000/plugins/ (7.36kB)
[2021-08-16 18:57:41] Fetching org.eclipse.e4.ui.widgets.source_1.2.800.v20201021-1339.jar from https://mirror.library.ucy.ac.cy/eclipse/releases/2021-03/202103171000/plugins/ (10.4kB)
[2021-08-16 18:57:41] Downloading org.eclipse.pde.api.tools.annotations.source
[2021-08-16 18:57:41] Downloading org.eclipse.e4.core.di.extensions.source
[2021-08-16 18:57:41] Downloading org.eclipse.mylyn.versions.ui
[2021-08-16 18:57:41] Downloading org.apiguardian.source
[2021-08-16 18:57:41] Downloading org.eclipse.team.genericeditor.diff.extension.source
[2021-08-16 18:57:41] Downloading org.eclipse.e4.core.di.annotations.source
[2021-08-16 18:57:41] Fetching org.apiguardian.source_1.1.0.v20190826-0900.jar from https://mirror.kakao.com/eclipse/releases/2021-03/202103171000/plugins/ (14.05kB)
[2021-08-16 18:57:41] Fetching org.eclipse.e4.core.di.annotations.source_1.6.600.v20191216-2352.jar from https://mirror.kakao.com/eclipse/releases/2021-03/202103171000/plugins/ (14.41kB)
[2021-08-16 18:57:41] Fetching org.eclipse.team.genericeditor.diff.extension.source_1.0.600.v20200212-1524.jar from https://mirror.kakao.com/eclipse/releases/2021-03/202103171000/plugins/ (14.16kB)
[2021-08-16 18:57:41] Fetching org.eclipse.e4.core.di.annotations.source_1.6.600.v20191216-2352.jar from https://mirror.kakao.com/eclipse/releases/2021-03/202103171000/plugins/ (14.41kB)
[2021-08-16 18:57:41] Fetching org.eclipse.team.genericeditor.diff.extension.source_1.0.600.v20200212-1524.jar from https://mirror.kakao.com/eclipse/releases/2021-03/202103171000/plugins/ (14.16kB)
[2021-08-16 18:57:41] Downloading org.apache.batik.constants.source
[2021-08-16 18:57:41] Fetching org.apache.batik.constants.source_1.13.0.v20200622-2037.jar from https://mirror.kakao.com/eclipse/releases/2021-03/202103171000/plugins/ (14.72kB)
[2021-08-16 18:57:41] Downloading org.eclipse.jdt.junit5.runtime.source
[2021-08-16 18:57:41] Fetching org.eclipse.jdt.junit5.runtime.source_1.0.1200.v20210112-0706.jar from https://mirror.kakao.com/eclipse/releases/2021-03/202103171000/plugins/ (15.11kB)
[2021-08-16 18:57:41] Downloading org.eclipse.e4.tools.compat
[2021-08-16 18:57:41] Fetching org.eclipse.e4.tools.compat_4.8.100.v20210102-0921.jar.pack.gz from https://mirror.kakao.com/eclipse/releases/2021-03/202103171000/plugins/ (15.21kB)
[2021-08-16 18:57:41] Downloading org.eclipse.equinox.p2.updatechecker.source
[2021-08-16 18:57:41] Fetching org.eclipse.mylyn.versions.ui_1.17.0.v20181223-0759.jar.pack.gz from http://download.eclipse.org/releases/2021-03/202103171000/plugins/ (11kB)
[2021-08-16 18:57:41] Fetching org.eclipse.equinox.p2.updatechecker.source_1.2.300.v20200222-1600.jar from https://mirror.kakao.com/eclipse/releases/2021-03/202103171000/plugins/ (15.42kB)
[2021-08-16 18:57:42] Downloading org.eclipse.e4.tools.services
[2021-08-16 18:57:42] Downloading org.eclipse.ui.win32.source
[2021-08-16 18:57:42] Downloading org.eclipse.jface.notifications.source
[2021-08-16 18:57:42] Fetching org.eclipse.e4.tools.services_4.8.400.v20200217-1142.jar.pack.gz from https://mirror.kakao.com/eclipse/releases/2021-03/202103171000/plugins/ (15.49kB)
[2021-08-16 18:57:42] Fetching org.eclipse.ui.win32.source_3.4.400.v20200414-1247.jar from https://mirror.kakao.com/eclipse/releases/2021-03/202103171000/plugins/ (15.6kB)
[2021-08-16 18:57:42] Fetching org.eclipse.jface.notifications.source_0.3.0.v20210218-1820.jar from https://mirror.kakao.com/eclipse/releases/2021-03/202103171000/plugins/ (15.75kB)
[2021-08-16 18:57:42] Downloading org.eclipse.mylyn.gerrit.dashboard.core
[2021-08-16 18:57:42] Fetching org.eclipse.mylyn.gerrit.dashboard.core_2.16.1.v20200828-1618.jar.pack.gz from https://mirror.kakao.com/eclipse/releases/2021-03/202103171000/plugins/ (16.1kB)
[2021-08-16 18:57:42] Downloading org.eclipse.mylyn.git.ui
[2021-08-16 18:57:42] Fetching org.eclipse.mylyn.git.ui_1.17.0.v20181223-0759.jar.pack.gz from https://mirror.kakao.com/eclipse/releases/2021-03/202103171000/plugins/ (16.42kB)
[2021-08-16 18:57:42] Fetching org.eclipse.e4.core.di.extensions.source_0.16.0.v20200507-0938.jar from https://mirrors.xmission.com/eclipse/releases/2021-03/202103171000/plugins/ (12.6kB)
[2021-08-16 18:57:42] Downloading org.eclipse.e4.ui.di.source
[2021-08-16 18:57:42] Fetching org.eclipse.e4.ui.di.source_1.3.0.v20210222-1018.jar from https://mirror.kakao.com/eclipse/releases/2021-03/202103171000/plugins/ (16.48kB)
[2021-08-16 18:57:42] Downloading org.eclipse.equinox.security.win32.x86_64.source
[2021-08-16 18:57:42] Fetching org.eclipse.equinox.security.win32.x86_64.source_1.1.200.v20190812-0919.jar from https://mirror.kakao.com/eclipse/releases/2021-03/202103171000/plugins/ (16.57kB)
[2021-08-16 18:57:42] Downloading org.eclipse.e4.tools.jdt.templates
[2021-08-16 18:57:42] Fetching org.eclipse.e4.tools.jdt.templates_4.8.400.v20191115-2149.jar.pack.gz from https://mirror.kakao.com/eclipse/releases/2021-03/202103171000/plugins/ (11.31kB)
[2021-08-16 18:57:42] Downloading org.eclipse.mylyn.git.core
[2021-08-16 18:57:42] Downloading org.eclipse.e4.ui.workbench3.source
[2021-08-16 18:57:42] Fetching org.eclipse.mylyn.git.core_1.17.0.v20181223-0759.jar.pack.gz from https://mirror.kakao.com/eclipse/releases/2021-03/202103171000/plugins/ (17.5kB)
[2021-08-16 18:57:42] Fetching org.eclipse.e4.ui.workbench3.source_0.15.500.v20201021-1339.jar from https://mirror.kakao.com/eclipse/releases/2021-03/202103171000/plugins/ (17.72kB)
[2021-08-16 18:57:42] Downloading org.eclipse.jdt.annotation.source
[2021-08-16 18:57:43] Downloading org.eclipse.ui.intro.quicklinks.source
[2021-08-16 18:57:43] Fetching org.eclipse.jdt.annotation.source_2.2.600.v20200408-1511.jar from https://mirror.kakao.com/eclipse/releases/2021-03/202103171000/plugins/ (17.86kB)
[2021-08-16 18:57:43] Downloading org.eclipse.jdt.junit4.runtime.source
[2021-08-16 18:57:43] Fetching org.eclipse.ui.intro.quicklinks.source_1.1.0.v20200724-0708.jar from https://mirror.kakao.com/eclipse/releases/2021-03/202103171000/plugins/ (18.24kB)
[2021-08-16 18:57:43] Downloading org.eclipse.help.source
[2021-08-16 18:57:43] Fetching org.eclipse.jdt.junit4.runtime.source_1.1.1500.v20210112-1623.jar from https://mirror.kakao.com/eclipse/releases/2021-03/202103171000/plugins/ (18.35kB)
[2021-08-16 18:57:43] Fetching org.eclipse.help.source_2.3.500.v20210303-1800.jar from https://mirror.kakao.com/eclipse/releases/2021-03/202103171000/features/ (18.82kB)
[2021-08-16 18:57:43] Downloading org.eclipse.swt.tools.feature
[2021-08-16 18:57:43] Fetching org.eclipse.swt.tools.feature_3.108.0.v20210126-2343.jar from https://mirror.kakao.com/eclipse/releases/2021-03/202103171000/features/ (18.82kB)
[2021-08-16 18:57:43] Downloading org.eclipse.pde.source
[2021-08-16 18:57:43] Downloading org.eclipse.equinox.p2.garbagecollector.source
[2021-08-16 18:57:43] Downloading org.eclipse.egit.gitflow.feature
[2021-08-16 18:57:43] Fetching org.eclipse.equinox.p2.garbagecollector.source_1.1.400.v20200221-1022.jar from https://mirror.kakao.com/eclipse/releases/2021-03/202103171000/plugins/ (18.84kB)
[2021-08-16 18:57:43] Fetching org.eclipse.pde.source_3.14.700.v20210303-1800.jar from https://mirror.kakao.com/eclipse/releases/2021-03/202103171000/features/ (18.88kB)
[2021-08-16 18:57:43] Downloading org.eclipse.pde.junit.runtime.source
[2021-08-16 18:57:43] Fetching org.eclipse.pde.junit.runtime.source_3.5.1000.v20210110-1048.jar from https://mirror.kakao.com/eclipse/releases/2021-03/202103171000/plugins/ (19kB)
[2021-08-16 18:57:43] Fetching org.eclipse.egit.gitflow.feature_5.11.0.202103091610-r.jar from https://mirror.kakao.com/eclipse/releases/2021-03/202103171000/features/ (18.9kB)
[2021-08-16 18:57:43] Downloading org.eclipse.e4.core.tools.feature
[2021-08-16 18:57:43] Fetching org.eclipse.e4.core.tools.feature_4.19.0.v20210210-1828.jar from https://mirror.kakao.com/eclipse/releases/2021-03/202103171000/features/ (19.04kB)
[2021-08-16 18:57:43] Downloading org.eclipse.jdt.source
[2021-08-16 18:57:43] Fetching org.eclipse.jdt.source_3.18.700.v20210303-1800.jar from https://mirror.kakao.com/eclipse/releases/2021-03/202103171000/features/ (19.09kB)
[2021-08-16 18:57:43] Downloading org.eclipse.equinox.p2.user.ui.source
[2021-08-16 18:57:43] Downloading org.eclipse.equinox.p2.rcp.feature.source
[2021-08-16 18:57:43] Fetching org.eclipse.equinox.p2.rcp.feature.source_1.4.1100.v20210227-0235.jar from https://mirror.kakao.com/eclipse/releases/2021-03/202103171000/features/ (19.12kB)
[2021-08-16 18:57:43] Fetching org.eclipse.equinox.p2.user.ui.source_2.4.1100.v20210227-0235.jar from https://mirror.kakao.com/eclipse/releases/2021-03/202103171000/features/ (19.11kB)
[2021-08-16 18:57:44] Downloading org.eclipse.equinox.jsp.jasper.source
[2021-08-16 18:57:44] Downloading org.eclipse.mylyn.commons.repositories.http
[2021-08-16 18:57:44] Downloading org.eclipse.mylyn.versions
[2021-08-16 18:57:44] Fetching org.eclipse.equinox.jsp.jasper.source_1.1.500.v20200422-1833.jar from https://mirror.kakao.com/eclipse/releases/2021-03/202103171000/plugins/ (19.16kB)
[2021-08-16 18:57:44] Fetching org.eclipse.mylyn.commons.repositories.http_1.17.2.v20200813-0821.jar from https://mirror.kakao.com/eclipse/releases/2021-03/202103171000/features/ (19.17kB)
[2021-08-16 18:57:44] Fetching org.eclipse.mylyn.versions_1.17.0.v20191002-0716.jar from https://mirror.kakao.com/eclipse/releases/2021-03/202103171000/features/ (19.17kB)
[2021-08-16 18:57:44] Downloading org.eclipse.rcp.source
[2021-08-16 18:57:44] Downloading org.eclipse.equinox.p2.extras.feature.source
[2021-08-16 18:57:44] Fetching org.eclipse.rcp.source_4.19.0.v20210303-1800.jar from https://mirror.kakao.com/eclipse/releases/2021-03/202103171000/features/ (19.17kB)
[2021-08-16 18:57:44] Fetching org.eclipse.equinox.p2.extras.feature.source_1.4.1100.v20210227-0235.jar from https://mirror.kakao.com/eclipse/releases/2021-03/202103171000/features/ (19.18kB)
[2021-08-16 18:57:44] Downloading org.eclipse.mylyn.git
[2021-08-16 18:57:44] Fetching org.eclipse.mylyn.git_1.17.0.v20191002-0716.jar from https://mirror.kakao.com/eclipse/releases/2021-03/202103171000/features/ (19.19kB)
[2021-08-16 18:57:44] Downloading org.eclipse.mylyn.builds
[2021-08-16 18:57:44] Fetching org.eclipse.mylyn.builds_1.17.0.v20200828-1656.jar from https://mirror.kakao.com/eclipse/releases/2021-03/202103171000/features/ (19.19kB)
[2021-08-16 18:57:44] Downloading org.eclipse.mylyn.reviews.feature
[2021-08-16 18:57:44] Downloading org.eclipse.mylyn.gerrit.feature
[2021-08-16 18:57:44] Fetching org.eclipse.mylyn.reviews.feature_2.16.1.v20200828-1618.jar from https://mirror.kakao.com/eclipse/releases/2021-03/202103171000/features/ (19.2kB)
[2021-08-16 18:57:44] Fetching org.eclipse.mylyn.gerrit.feature_2.16.1.v20200828-1618.jar from https://mirror.kakao.com/eclipse/releases/2021-03/202103171000/features/ (19.28kB)
[2021-08-16 18:57:44] Downloading org.eclipse.mylyn.hudson
[2021-08-16 18:57:44] Fetching org.eclipse.mylyn.hudson_1.17.0.v20200730-1155.jar from https://mirror.kakao.com/eclipse/releases/2021-03/202103171000/features/ (19.31kB)
[2021-08-16 18:57:44] Downloading org.eclipse.equinox.p2.core.feature.source
[2021-08-16 18:57:44] Fetching org.eclipse.equinox.p2.core.feature.source_1.6.900.v20210227-0235.jar from https://mirror.kakao.com/eclipse/releases/2021-03/202103171000/features/ (19.49kB)
[2021-08-16 18:57:44] Downloading org.eclipse.equinox.simpleconfigurator.manipulator.source
[2021-08-16 18:57:44] Fetching org.eclipse.equinox.simpleconfigurator.manipulator.source_2.1.500.v20200211-1505.jar from https://mirror.kakao.com/eclipse/releases/2021-03/202103171000/plugins/ (19.62kB)
[2021-08-16 18:57:45] Downloading org.eclipse.e4.core.di.extensions.supplier.source
[2021-08-16 18:57:45] Downloading org.eclipse.mylyn.gerrit.dashboard.feature
[2021-08-16 18:57:45] Fetching org.eclipse.e4.core.di.extensions.supplier.source_0.15.800.v20210110-1654.jar from https://mirror.kakao.com/eclipse/releases/2021-03/202103171000/plugins/ (19.8kB)
[2021-08-16 18:57:45] Fetching org.eclipse.mylyn.gerrit.dashboard.feature_2.16.1.v20200828-1618.jar from https://mirror.kakao.com/eclipse/releases/2021-03/202103171000/features/ (19.85kB)
[2021-08-16 18:57:45] Downloading org.eclipse.e4.rcp.source
[2021-08-16 18:57:45] Fetching org.eclipse.e4.rcp.source_4.19.0.v20210302-1107.jar from https://mirror.kakao.com/eclipse/releases/2021-03/202103171000/features/ (19.91kB)
[2021-08-16 18:57:45] Downloading org.eclipse.equinox.p2.console.source
[2021-08-16 18:57:45] Fetching org.eclipse.equinox.p2.console.source_1.1.500.v20210116-1227.jar from https://mirror.kakao.com/eclipse/releases/2021-03/202103171000/plugins/ (19.92kB)
[2021-08-16 18:57:45] Downloading org.eclipse.platform.source
[2021-08-16 18:57:45] Downloading org.apache.batik.i18n.source
[2021-08-16 18:57:45] Downloading org.eclipse.pde.ds1_2.lib.source
[2021-08-16 18:57:45] Fetching org.eclipse.platform.source_4.19.0.v20210303-1800.jar from https://mirror.kakao.com/eclipse/releases/2021-03/202103171000/features/ (20.18kB)
[2021-08-16 18:57:45] Fetching org.apache.batik.i18n.source_1.13.0.v20200622-2037.jar from https://mirror.kakao.com/eclipse/releases/2021-03/202103171000/plugins/ (20.2kB)
[2021-08-16 18:57:45] Downloading org.eclipse.mylyn.hudson.ui
[2021-08-16 18:57:45] Fetching org.eclipse.pde.ds1_2.lib.source_1.0.500.v20210209-1250.jar from https://mirror.kakao.com/eclipse/releases/2021-03/202103171000/plugins/ (20.56kB)
[2021-08-16 18:57:45] Fetching org.eclipse.mylyn.hudson.ui_1.17.0.v20200730-1155.jar.pack.gz from https://mirror.kakao.com/eclipse/releases/2021-03/202103171000/plugins/ (14.52kB)
[2021-08-16 18:57:45] Downloading org.opentest4j.source
[2021-08-16 18:57:45] Fetching org.opentest4j.source_1.2.0.v20190826-0900.jar from https://mirror.kakao.com/eclipse/releases/2021-03/202103171000/plugins/ (20.88kB)
[2021-08-16 18:57:45] Downloading org.eclipse.e4.core.commands.source
[2021-08-16 18:57:45] Fetching org.eclipse.e4.core.commands.source_0.13.0.v20201119-1132.jar from https://mirror.kakao.com/eclipse/releases/2021-03/202103171000/plugins/ (21.58kB)
[2021-08-16 18:57:45] Downloading org.w3c.dom.smil.source
[2021-08-16 18:57:45] Downloading org.eclipse.mylyn.versions.core
[2021-08-16 18:57:45] Fetching org.w3c.dom.smil.source_1.0.1.v200903091627.jar.pack.gz from https://mirror.kakao.com/eclipse/releases/2021-03/202103171000/plugins/ (18.29kB)
[2021-08-16 18:57:45] Fetching org.eclipse.mylyn.versions.core_1.17.0.v20181223-0759.jar.pack.gz from https://mirror.kakao.com/eclipse/releases/2021-03/202103171000/plugins/ (22.36kB)
[2021-08-16 18:57:45] Downloading org.eclipse.e4.ui.services.source
[2021-08-16 18:57:45] Fetching org.eclipse.e4.ui.services.source_1.5.0.v20210115-1333.jar from https://mirror.kakao.com/eclipse/releases/2021-03/202103171000/plugins/ (22.37kB)
[2021-08-16 18:57:46] Downloading javax.inject.source
[2021-08-16 18:57:46] Downloading org.eclipse.equinox.http.jetty.source
[2021-08-16 18:57:46] Downloading org.eclipse.e4.ui.css.swt.theme.source
[2021-08-16 18:57:46] Fetching javax.inject.source_1.0.0.v20091030.jar from https://mirror.kakao.com/eclipse/releases/2021-03/202103171000/plugins/ (22.39kB)
[2021-08-16 18:57:46] Fetching org.eclipse.equinox.http.jetty.source_3.7.600.v20210224-2143.jar from https://mirror.kakao.com/eclipse/releases/2021-03/202103171000/plugins/ (22.49kB)
[2021-08-16 18:57:46] Fetching org.eclipse.e4.ui.css.swt.theme.source_0.13.0.v20201026-1147.jar from https://mirror.kakao.com/eclipse/releases/2021-03/202103171000/plugins/ (22.72kB)
[2021-08-16 18:57:46] Downloading org.eclipse.equinox.p2.directorywatcher.source
[2021-08-16 18:57:46] Downloading org.eclipse.compare.win32.source
[2021-08-16 18:57:46] Fetching org.eclipse.compare.win32.source_1.2.800.v20200127-1343.jar from https://mirror.kakao.com/eclipse/releases/2021-03/202103171000/plugins/ (23.06kB)
[2021-08-16 18:57:46] Downloading org.eclipse.swt.tools.spies
[2021-08-16 18:57:46] Fetching org.eclipse.swt.tools.spies_3.108.0.v20210112-0624.jar.pack.gz from https://mirror.kakao.com/eclipse/releases/2021-03/202103171000/plugins/ (23.85kB)
[2021-08-16 18:57:46] Downloading org.eclipse.rcp_root
[2021-08-16 18:57:46] Downloading org.eclipse.mylyn.commons.repositories.http.core
[2021-08-16 18:57:46] Fetching org.eclipse.mylyn.commons.repositories.http.core_1.17.2.v20200813-0821.jar.pack.gz from https://mirror.kakao.com/eclipse/releases/2021-03/202103171000/plugins/ (25.68kB)
[2021-08-16 18:57:46] Fetching org.eclipse.equinox.p2.directorywatcher.source_1.2.500.v20191211-1631.jar from https://ftp.yz.yamagata-u.ac.jp/pub/eclipse//releases/2021-03/202103171000/plugins/ (22.74kB)
[2021-08-16 18:57:46] Downloading org.eclipse.equinox.concurrent.source
[2021-08-16 18:57:46] Downloading org.eclipse.equinox.p2.extensionlocation.source
[2021-08-16 18:57:46] Fetching org.eclipse.equinox.concurrent.source_1.2.0.v20210202-1157.jar from https://mirror.kakao.com/eclipse/releases/2021-03/202103171000/plugins/ (25.94kB)
[2021-08-16 18:57:46] Downloading org.eclipse.tools.layout.spy.source
[2021-08-16 18:57:46] Fetching org.eclipse.tools.layout.spy.source_1.1.0.v20210110-1247.jar from https://mirror.kakao.com/eclipse/releases/2021-03/202103171000/plugins/ (26.45kB)
[2021-08-16 18:57:46] Downloading org.junit.platform.runner.source
[2021-08-16 18:57:46] Fetching org.eclipse.equinox.p2.extensionlocation.source_1.3.400.v20191213-1911.jar from https://mirror.kakao.com/eclipse/releases/2021-03/202103171000/plugins/ (26.24kB)
[2021-08-16 18:57:46] Fetching org.junit.platform.runner.source_1.7.1.v20210222-1948.jar from https://mirror.kakao.com/eclipse/releases/2021-03/202103171000/plugins/ (26.97kB)
[2021-08-16 18:57:46] Downloading org.eclipse.equinox.event.source
[2021-08-16 18:57:46] Fetching org.eclipse.equinox.event.source_1.6.0.v20210212-1143.jar from https://mirror.kakao.com/eclipse/releases/2021-03/202103171000/plugins/ (27.17kB)
[2021-08-16 18:57:46] Downloading org.eclipse.ui.net.source
[2021-08-16 18:57:46] Fetching org.eclipse.ui.net.source_1.3.800.v20200422-1935.jar from https://mirror.kakao.com/eclipse/releases/2021-03/202103171000/plugins/ (28.57kB)
[2021-08-16 18:57:46] Downloading org.eclipse.pde.ds.lib.source
[2021-08-16 18:57:47] Fetching org.eclipse.pde.ds.lib.source_1.1.500.v20210209-1250.jar from https://mirror.kakao.com/eclipse/releases/2021-03/202103171000/plugins/ (29.97kB)
[2021-08-16 18:57:47] Downloading org.eclipse.equinox.p2.ui.sdk.source
[2021-08-16 18:57:47] Fetching org.eclipse.equinox.p2.ui.sdk.source_1.2.0.v20210114-1214.jar from https://mirror.kakao.com/eclipse/releases/2021-03/202103171000/plugins/ (30.22kB)
[2021-08-16 18:57:47] Downloading org.eclipse.equinox.p2.transport.ecf.source
[2021-08-16 18:57:47] Fetching org.eclipse.equinox.p2.transport.ecf.source_1.3.0.v20201012-1345.jar from https://mirror.kakao.com/eclipse/releases/2021-03/202103171000/plugins/ (31.23kB)
[2021-08-16 18:57:47] Downloading org.eclipse.equinox.http.registry.source
[2021-08-16 18:57:47] Downloading org.eclipse.jetty.continuation.source
[2021-08-16 18:57:47] Fetching org.eclipse.equinox.http.registry.source_1.2.0.v20200614-1851.jar from https://mirror.kakao.com/eclipse/releases/2021-03/202103171000/plugins/ (32.54kB)
[2021-08-16 18:57:47] Downloading org.eclipse.jdt.apt.pluggable.core.source
[2021-08-16 18:57:47] Downloading org.eclipse.equinox.p2.reconciler.dropins.source
[2021-08-16 18:57:47] Fetching org.eclipse.jetty.continuation.source_9.4.37.v20210219.jar from https://mirror.kakao.com/eclipse/releases/2021-03/202103171000/plugins/ (32.7kB)
[2021-08-16 18:57:47] Fetching org.eclipse.jdt.apt.pluggable.core.source_1.2.500.v20200322-1447.jar from https://mirror.kakao.com/eclipse/releases/2021-03/202103171000/plugins/ (33.82kB)
[2021-08-16 18:57:47] Downloading org.junit.platform.suite.api.source
[2021-08-16 18:57:47] Fetching org.eclipse.equinox.p2.reconciler.dropins.source_1.3.500.v20210116-1855.jar from https://mirror.kakao.com/eclipse/releases/2021-03/202103171000/plugins/ (34.03kB)
[2021-08-16 18:57:47] Fetching org.junit.platform.suite.api.source_1.7.1.v20210222-1948.jar from https://mirror.kakao.com/eclipse/releases/2021-03/202103171000/plugins/ (34.47kB)
[2021-08-16 18:57:47] Downloading com.google.gerrit.prettify
[2021-08-16 18:57:47] Downloading org.eclipse.equinox.p2.director.app.source
[2021-08-16 18:57:47] Fetching com.google.gerrit.prettify_2.1.5.v201112241444.jar.pack.gz from https://mirror.kakao.com/eclipse/releases/2021-03/202103171000/plugins/ (34.59kB)
[2021-08-16 18:57:47] Downloading org.eclipse.equinox.frameworkadmin.source
[2021-08-16 18:57:47] Downloading org.eclipse.e4.ui.bindings.source
[2021-08-16 18:57:47] Fetching org.eclipse.equinox.frameworkadmin.source_2.1.400.v20191002-0702.jar from https://mirror.kakao.com/eclipse/releases/2021-03/202103171000/plugins/ (34.92kB)
[2021-08-16 18:57:47] Fetching org.eclipse.e4.ui.bindings.source_0.13.0.v20201119-1132.jar from https://mirror.kakao.com/eclipse/releases/2021-03/202103171000/plugins/ (35.64kB)
[2021-08-16 18:57:47] Downloading org.eclipse.core.externaltools.source
[2021-08-16 18:57:47] Fetching org.eclipse.core.externaltools.source_1.1.800.v20201105-0600.jar from https://mirror.kakao.com/eclipse/releases/2021-03/202103171000/plugins/ (35.85kB)
[2021-08-16 18:57:47] Downloading org.eclipse.equinox.simpleconfigurator.source
[2021-08-16 18:57:47] Fetching org.eclipse.equinox.p2.director.app.source_1.1.600.v20200511-1530.jar from https://ftp.yz.yamagata-u.ac.jp/pub/eclipse//releases/2021-03/202103171000/plugins/ (34.79kB)
[2021-08-16 18:57:47] Fetching org.eclipse.equinox.simpleconfigurator.source_1.3.600.v20200721-1308.jar from https://mirror.kakao.com/eclipse/releases/2021-03/202103171000/plugins/ (37.39kB)
[2021-08-16 18:57:47] Downloading org.eclipse.core.variables.source
[2021-08-16 18:57:47] Fetching org.eclipse.core.variables.source_3.4.800.v20200120-1101.jar from https://mirror.kakao.com/eclipse/releases/2021-03/202103171000/plugins/ (37.71kB)
[2021-08-16 18:57:48] Downloading org.apache.felix.gogo.command.source
[2021-08-16 18:57:48] Fetching org.apache.felix.gogo.command.source_1.1.2.v20210111-1007.jar from https://mirror.kakao.com/eclipse/releases/2021-03/202103171000/plugins/ (38.47kB)
[2021-08-16 18:57:48] Downloading org.eclipse.jsch.core.source
[2021-08-16 18:57:48] Fetching org.eclipse.jsch.core.source_1.3.900.v20200422-1935.jar from https://mirror.kakao.com/eclipse/releases/2021-03/202103171000/plugins/ (38.72kB)
[2021-08-16 18:57:48] Downloading org.eclipse.e4.ui.dialogs.source
[2021-08-16 18:57:48] Fetching org.eclipse.e4.ui.dialogs.source_1.2.100.v20201109-2317.jar from https://mirror.kakao.com/eclipse/releases/2021-03/202103171000/plugins/ (39.1kB)
[2021-08-16 18:57:48] Downloading com.google.gerrit.reviewdb
[2021-08-16 18:57:48] Downloading org.w3c.dom.events.source
[2021-08-16 18:57:48] Fetching com.google.gerrit.reviewdb_2.1.5.v201112241444.jar.pack.gz from https://mirror.kakao.com/eclipse/releases/2021-03/202103171000/plugins/ (39.47kB)
[2021-08-16 18:57:48] Fetching org.w3c.dom.events.source_3.0.0.draft20060413_v201105210656.jar from https://mirror.kakao.com/eclipse/releases/2021-03/202103171000/plugins/ (39.54kB)
[2021-08-16 18:57:48] Downloading org.junit.jupiter.migrationsupport.source
[2021-08-16 18:57:48] Downloading org.eclipse.e4.core.contexts.source
[2021-08-16 18:57:48] Downloading org.eclipse.jetty.util.ajax.source
[2021-08-16 18:57:48] Fetching org.junit.jupiter.migrationsupport.source_5.7.1.v20210222-1948.jar from https://mirror.kakao.com/eclipse/releases/2021-03/202103171000/plugins/ (39.73kB)
[2021-08-16 18:57:48] Downloading org.eclipse.equinox.launcher.source
[2021-08-16 18:57:48] Fetching org.eclipse.e4.core.contexts.source_1.8.400.v20191217-1710.jar from https://mirror.kakao.com/eclipse/releases/2021-03/202103171000/plugins/ (42.13kB)
[2021-08-16 18:57:48] Downloading org.eclipse.urischeme.source
[2021-08-16 18:57:48] Downloading org.eclipse.e4.core.di.source
[2021-08-16 18:57:48] Fetching org.eclipse.equinox.launcher.source_1.6.100.v20201223-0822.jar from https://mirror.kakao.com/eclipse/releases/2021-03/202103171000/plugins/ (43.68kB)
[2021-08-16 18:57:48] Fetching org.eclipse.urischeme.source_1.1.300.v20210113-1544.jar from https://mirror.kakao.com/eclipse/releases/2021-03/202103171000/plugins/ (44.3kB)
[2021-08-16 18:57:48] Downloading org.eclipse.ui.monitoring.source
[2021-08-16 18:57:48] Downloading org.eclipse.jdt.junit.runtime.source
[2021-08-16 18:57:48] Fetching org.eclipse.ui.monitoring.source_1.2.0.v20210111-1353.jar from https://mirror.kakao.com/eclipse/releases/2021-03/202103171000/plugins/ (45.22kB)
[2021-08-16 18:57:48] Fetching org.eclipse.jetty.util.ajax.source_9.4.37.v20210219.jar from https://ftp.yz.yamagata-u.ac.jp/pub/eclipse//releases/2021-03/202103171000/plugins/ (43.01kB)
[2021-08-16 18:57:48] Fetching org.eclipse.e4.core.di.source_1.7.700.v20210128-2123.jar from https://ftp.yz.yamagata-u.ac.jp/pub/eclipse//releases/2021-03/202103171000/plugins/ (44.5kB)
[2021-08-16 18:57:48] Downloading org.eclipse.jdt.apt.ui.source
[2021-08-16 18:57:48] Fetching org.eclipse.jdt.junit.runtime.source_3.5.500.v20210112-0706.jar from https://ftp.yz.yamagata-u.ac.jp/pub/eclipse//releases/2021-03/202103171000/plugins/ (45.73kB)
[2021-08-16 18:57:48] Fetching org.eclipse.jdt.apt.ui.source_3.6.500.v20200828-1336.jar from https://mirror.kakao.com/eclipse/releases/2021-03/202103171000/plugins/ (45.87kB)
[2021-08-16 18:57:48] Downloading org.eclipse.equinox.p2.jarprocessor.source
[2021-08-16 18:57:49] Fetching org.eclipse.equinox.p2.jarprocessor.source_1.1.700.v20210227-0235.jar from https://mirror.kakao.com/eclipse/releases/2021-03/202103171000/plugins/ (47.24kB)
[2021-08-16 18:57:49] Downloading org.eclipse.equinox.frameworkadmin.equinox.source
[2021-08-16 18:57:49] Fetching org.eclipse.equinox.frameworkadmin.equinox.source_1.1.400.v20200319-1546.jar from https://mirror.kakao.com/eclipse/releases/2021-03/202103171000/plugins/ (47.5kB)
[2021-08-16 18:57:49] Downloading org.eclipse.jsch.ui.source
[2021-08-16 18:57:49] Fetching org.eclipse.jsch.ui.source_1.3.1100.v20200916-0731.jar from https://mirror.kakao.com/eclipse/releases/2021-03/202103171000/plugins/ (47.88kB)
[2021-08-16 18:57:49] Downloading org.apache.felix.gogo.shell.source
[2021-08-16 18:57:49] Downloading org.eclipse.mylyn.reviews.edit
[2021-08-16 18:57:49] Fetching org.apache.felix.gogo.shell.source_1.1.4.v20210111-1007.jar from https://mirror.kakao.com/eclipse/releases/2021-03/202103171000/plugins/ (48.31kB)
[2021-08-16 18:57:49] Downloading org.eclipse.ui.ide.application.source
[2021-08-16 18:57:49] Fetching org.eclipse.mylyn.reviews.edit_2.16.1.v20200828-1618.jar.pack.gz from https://mirror.kakao.com/eclipse/releases/2021-03/202103171000/plugins/ (50.09kB)
[2021-08-16 18:57:49] Fetching org.eclipse.ui.ide.application.source_1.4.0.v20210122-1423.jar from https://mirror.kakao.com/eclipse/releases/2021-03/202103171000/plugins/ (50.58kB)
[2021-08-16 18:57:49] Downloading org.eclipse.jdt.compiler.tool.source
[2021-08-16 18:57:49] Downloading org.eclipse.pde.ds.core.source
[2021-08-16 18:57:49] Fetching org.eclipse.jdt.compiler.tool.source_1.2.1100.v20200916-0645.jar from https://mirror.kakao.com/eclipse/releases/2021-03/202103171000/plugins/ (50.73kB)
[2021-08-16 18:57:49] Fetching org.eclipse.pde.ds.core.source_1.2.200.v20210219-0944.jar from https://mirror.kakao.com/eclipse/releases/2021-03/202103171000/plugins/ (50.83kB)
[2021-08-16 18:57:49] Downloading org.eclipse.equinox.p2.ui.importexport.source
[2021-08-16 18:57:49] Downloading org.hamcrest.core.source
[2021-08-16 18:57:49] Fetching org.eclipse.equinox.p2.ui.importexport.source_1.3.0.v20210217-1009.jar from https://mirror.kakao.com/eclipse/releases/2021-03/202103171000/plugins/ (51.01kB)
[2021-08-16 18:57:49] Downloading org.eclipse.ui.trace.source
[2021-08-16 18:57:49] Downloading org.w3c.css.sac.source
[2021-08-16 18:57:49] Downloading org.eclipse.e4.emf.xpath.source
[2021-08-16 18:57:49] Fetching org.eclipse.e4.emf.xpath.source_0.2.800.v20200609-0849.jar from https://mirror.kakao.com/eclipse/releases/2021-03/202103171000/plugins/ (52.39kB)
[2021-08-16 18:57:49] Fetching org.w3c.css.sac.source_1.3.1.v200903091627.jar from https://mirror.kakao.com/eclipse/releases/2021-03/202103171000/plugins/ (52.19kB)
[2021-08-16 18:57:50] Fetching org.hamcrest.core.source_1.3.0.v20180420-1519.jar from https://ftp.yz.yamagata-u.ac.jp/pub/eclipse//releases/2021-03/202103171000/plugins/ (51.3kB)
[2021-08-16 18:57:50] Fetching org.eclipse.ui.trace.source_1.2.0.v20210110-1242.jar from https://ftp.yz.yamagata-u.ac.jp/pub/eclipse//releases/2021-03/202103171000/plugins/ (51.75kB)
[2021-08-16 18:57:50] Downloading org.junit.vintage.engine.source
[2021-08-16 18:57:50] Downloading org.eclipse.egit.gitflow
[2021-08-16 18:57:50] Downloading org.eclipse.equinox.p2.ui.sdk.scheduler.source
[2021-08-16 18:57:50] Fetching org.junit.vintage.engine.source_5.7.1.v20210222-1948.jar from https://mirror.kakao.com/eclipse/releases/2021-03/202103171000/plugins/ (53.97kB)
[2021-08-16 18:57:50] Fetching org.eclipse.egit.gitflow_5.11.0.202103091610-r.jar.pack.gz from https://mirror.kakao.com/eclipse/releases/2021-03/202103171000/plugins/ (22.09kB)
[2021-08-16 18:57:50] Downloading org.eclipse.ui.intro.universal.source
[2021-08-16 18:57:50] Fetching org.eclipse.equinox.p2.ui.sdk.scheduler.source_1.5.0.v20201012-1421.jar from https://mirror.kakao.com/eclipse/releases/2021-03/202103171000/plugins/ (55.67kB)
[2021-08-16 18:57:50] Fetching org.eclipse.ui.intro.universal.source_3.4.100.v20210108-1131.jar from https://mirror.kakao.com/eclipse/releases/2021-03/202103171000/plugins/ (57.05kB)
[2021-08-16 18:57:50] Downloading javax.annotation.source
[2021-08-16 18:57:50] Fetching javax.annotation.source_1.3.5.v20200909-1856.jar from https://ftp.yz.yamagata-u.ac.jp/pub/eclipse//releases/2021-03/202103171000/plugins/ (57.91kB)
[2021-08-16 18:57:50] Downloading org.eclipse.core.net.source
[2021-08-16 18:57:50] Fetching org.eclipse.core.net.source_1.3.1000.v20200715-0827.jar from https://mirror.kakao.com/eclipse/releases/2021-03/202103171000/plugins/ (58.58kB)
[2021-08-16 18:57:50] Downloading org.eclipse.text.quicksearch.source
[2021-08-16 18:57:50] Downloading org.eclipse.equinox.p2.metadata.repository.source
[2021-08-16 18:57:50] Fetching org.eclipse.text.quicksearch.source_1.1.0.v20210120-0733.jar from https://mirror.kakao.com/eclipse/releases/2021-03/202103171000/plugins/ (58.89kB)
[2021-08-16 18:57:50] Fetching org.eclipse.equinox.p2.metadata.repository.source_1.3.500.v20210108-0738.jar from https://mirror.kakao.com/eclipse/releases/2021-03/202103171000/plugins/ (59.72kB)
[2021-08-16 18:57:50] Downloading org.eclipse.ui.views.log.source
[2021-08-16 18:57:50] Fetching org.eclipse.ui.views.log.source_1.2.1400.v20210122-1423.jar from https://mirror.kakao.com/eclipse/releases/2021-03/202103171000/plugins/ (59.87kB)
[2021-08-16 18:57:50] Downloading org.eclipse.e4.core.services.source
[2021-08-16 18:57:50] Fetching org.eclipse.e4.core.services.source_2.2.600.v20210110-1654.jar from https://mirror.kakao.com/eclipse/releases/2021-03/202103171000/plugins/ (60.56kB)
[2021-08-16 18:57:50] Downloading org.eclipse.equinox.p2.core.source
[2021-08-16 18:57:50] Fetching org.eclipse.equinox.p2.core.source_2.6.300.v20200211-1504.jar from https://mirror.kakao.com/eclipse/releases/2021-03/202103171000/plugins/ (60.76kB)
[2021-08-16 18:57:51] Downloading org.eclipse.equinox.p2.touchpoint.natives.source
[2021-08-16 18:57:51] Fetching org.eclipse.equinox.p2.touchpoint.natives.source_1.3.600.v20200511-1530.jar from https://mirror.kakao.com/eclipse/releases/2021-03/202103171000/plugins/ (60.9kB)
[2021-08-16 18:57:51] Downloading org.eclipse.compare.core.source
[2021-08-16 18:57:51] Fetching org.eclipse.compare.core.source_3.6.1000.v20201020-1107.jar from https://mirror.kakao.com/eclipse/releases/2021-03/202103171000/plugins/ (62.17kB)
[2021-08-16 18:57:51] Downloading org.eclipse.pde.genericeditor.extension.source
[2021-08-16 18:57:51] Fetching org.eclipse.pde.genericeditor.extension.source_1.1.100.v20201207-1622.jar from https://mirror.kakao.com/eclipse/releases/2021-03/202103171000/plugins/ (63.34kB)
[2021-08-16 18:57:51] Downloading org.eclipse.equinox.bidi.source
[2021-08-16 18:57:51] Downloading org.eclipse.osgi.util.source
[2021-08-16 18:57:51] Fetching org.eclipse.equinox.bidi.source_1.3.100.v20210212-1143.jar from https://mirror.kakao.com/eclipse/releases/2021-03/202103171000/plugins/ (63.51kB)
[2021-08-16 18:57:51] Downloading org.eclipse.equinox.p2.operations.source
[2021-08-16 18:57:51] Downloading org.eclipse.swt.browser.chromium.win32.win32.x86_64.source
[2021-08-16 18:57:51] Fetching org.eclipse.equinox.p2.operations.source_2.5.1000.v20201106-1246.jar from https://mirror.kakao.com/eclipse/releases/2021-03/202103171000/plugins/ (64.21kB)
[2021-08-16 18:57:51] Fetching org.eclipse.osgi.util.source_3.6.0.v20210212-1137.jar from https://mirror.kakao.com/eclipse/releases/2021-03/202103171000/plugins/ (63.52kB)
[2021-08-16 18:57:51] Downloading com.google.gwtorm
[2021-08-16 18:57:51] Fetching org.eclipse.swt.browser.chromium.win32.win32.x86_64.source_3.116.0.v20210302-1107.jar from https://ftp.yz.yamagata-u.ac.jp/pub/eclipse//releases/2021-03/202103171000/plugins/ (66.24kB)
[2021-08-16 18:57:51] Fetching com.google.gwtorm_1.1.4.v201112241444.jar.pack.gz from https://mirror.kakao.com/eclipse/releases/2021-03/202103171000/plugins/ (66.95kB)
[2021-08-16 18:57:51] Downloading org.eclipse.equinox.p2.director.source
[2021-08-16 18:57:51] Fetching org.eclipse.equinox.p2.director.source_2.4.700.v20200511-1530.jar from https://mirror.kakao.com/eclipse/releases/2021-03/202103171000/plugins/ (66.98kB)
[2021-08-16 18:57:51] Downloading org.eclipse.e4.tools.emf.editor3x
[2021-08-16 18:57:51] Fetching org.eclipse.e4.tools.emf.editor3x_4.7.600.v20200723-1429.jar.pack.gz from https://mirror.kakao.com/eclipse/releases/2021-03/202103171000/plugins/ (25.54kB)
[2021-08-16 18:57:51] Downloading org.eclipse.equinox.p2.updatesite.source
[2021-08-16 18:57:51] Fetching org.eclipse.equinox.p2.updatesite.source_1.1.500.v20210108-0738.jar from https://mirror.kakao.com/eclipse/releases/2021-03/202103171000/plugins/ (70.96kB)
[2021-08-16 18:57:51] Downloading com.sun.el.source
[2021-08-16 18:57:51] Fetching com.sun.el.source_2.2.0.v201303151357.jar.pack.gz from https://mirror.kakao.com/eclipse/releases/2021-03/202103171000/plugins/ (73.27kB)
[2021-08-16 18:57:51] Downloading org.eclipse.mylyn.hudson.core
[2021-08-16 18:57:51] Fetching org.eclipse.mylyn.hudson.core_1.17.0.v20200730-1155.jar.pack.gz from https://mirror.kakao.com/eclipse/releases/2021-03/202103171000/plugins/ (74.02kB)
[2021-08-16 18:57:51] Downloading org.eclipse.equinox.p2.publisher.source
[2021-08-16 18:57:51] Fetching org.eclipse.equinox.p2.publisher.source_1.5.500.v20210211-1133.jar from https://mirror.kakao.com/eclipse/releases/2021-03/202103171000/plugins/ (74.59kB)
[2021-08-16 18:57:51] Downloading org.eclipse.core.databinding.beans.source
[2021-08-16 18:57:51] Fetching org.eclipse.core.databinding.beans.source_1.7.200.v20210111-0759.jar from https://mirror.kakao.com/eclipse/releases/2021-03/202103171000/plugins/ (75.48kB)
[2021-08-16 18:57:52] Downloading org.eclipse.platform.doc.isv
[2021-08-16 18:57:52] Fetching org.eclipse.platform.doc.isv_4.19.0.v20210303-1700.jar.pack.gz from https://mirror.kakao.com/eclipse/releases/2021-03/202103171000/plugins/ (21.39MB)
[2021-08-16 18:57:52] Downloading org.eclipse.jdt.ui.source
[2021-08-16 18:57:52] Downloading org.eclipse.jdt.core.source
[2021-08-16 18:57:52] Fetching org.eclipse.jdt.ui.source_3.22.100.v20210224-0730.jar from https://mirror.kakao.com/eclipse/releases/2021-03/202103171000/plugins/ (5.35MB)
[2021-08-16 18:57:52] Fetching org.eclipse.jdt.core.source_3.25.0.v20210223-0522.jar from https://mirror.kakao.com/eclipse/releases/2021-03/202103171000/plugins/ (5.2MB)
[2021-08-16 18:57:52] Downloading org.eclipse.jdt.doc.isv
[2021-08-16 18:57:52] Downloading org.apache.lucene.analyzers-smartcn.source
[2021-08-16 18:57:52] Downloading org.eclipse.ui.workbench.source
[2021-08-16 18:57:52] Fetching org.eclipse.jdt.doc.isv_3.14.1100.v20210303-1700.jar.pack.gz from https://mirror.kakao.com/eclipse/releases/2021-03/202103171000/plugins/ (5.03MB)
[2021-08-16 18:57:52] Downloading org.apache.ant.source
[2021-08-16 18:57:52] Fetching org.eclipse.ui.workbench.source_3.122.100.v20210215-1525.jar from https://ftp.yz.yamagata-u.ac.jp/pub/eclipse//releases/2021-03/202103171000/plugins/ (2.47MB)
[2021-08-16 18:57:52] Fetching org.apache.lucene.analyzers-smartcn.source_8.4.1.v20200122-1459.jar from https://ftp.yz.yamagata-u.ac.jp/pub/eclipse//releases/2021-03/202103171000/plugins/ (3.45MB)
[2021-08-16 18:57:52] Fetching org.apache.ant.source_1.10.9.v20201106-1946.jar from https://ftp.yz.yamagata-u.ac.jp/pub/eclipse//releases/2021-03/202103171000/plugins/ (2.43MB)
[2021-08-16 18:57:52] Downloading com.ibm.icu.source
[2021-08-16 18:57:52] Fetching com.ibm.icu.source_67.1.0.v20200706-1749.jar from https://mirror.kakao.com/eclipse/releases/2021-03/202103171000/plugins/ (2.36MB)
[2021-08-16 18:57:53] Downloading org.apache.lucene.core.source
[2021-08-16 18:57:53] Fetching org.apache.lucene.core.source_8.4.1.v20200122-1459.jar from https://mirror.kakao.com/eclipse/releases/2021-03/202103171000/plugins/ (2.24MB)
[2021-08-16 18:57:53] Downloading org.eclipse.pde.ui.source
[2021-08-16 18:57:53] Downloading org.eclipse.swt.win32.win32.x86_64.source
[2021-08-16 18:57:53] Fetching org.eclipse.swt.win32.win32.x86_64.source_3.116.0.v20210302-1107.jar from https://mirror.kakao.com/eclipse/releases/2021-03/202103171000/plugins/ (1.95MB)
[2021-08-16 18:57:53] Fetching org.eclipse.pde.ui.source_3.13.0.v20210209-0833.jar from https://mirror.kakao.com/eclipse/releases/2021-03/202103171000/plugins/ (2.06MB)
[2021-08-16 18:57:53] Downloading org.eclipse.debug.ui.source
[2021-08-16 18:57:53] Fetching org.eclipse.debug.ui.source_3.14.800.v20210222-1101.jar from https://mirror.kakao.com/eclipse/releases/2021-03/202103171000/plugins/ (1.67MB)
[2021-08-16 18:57:53] Downloading org.apache.lucene.analyzers-common.source
[2021-08-16 18:57:53] Fetching org.apache.lucene.analyzers-common.source_8.4.1.v20200122-1459.jar from https://mirror.kakao.com/eclipse/releases/2021-03/202103171000/plugins/ (1.66MB)
[2021-08-16 18:57:53] Downloading org.eclipse.e4.tools.emf.ui
[2021-08-16 18:57:53] Fetching org.eclipse.e4.tools.emf.ui_4.6.1100.v20210210-1828.jar.pack.gz from https://mirror.kakao.com/eclipse/releases/2021-03/202103171000/plugins/ (379.34kB)
[2021-08-16 18:57:54] Downloading org.eclipse.ui.ide.source
[2021-08-16 18:57:54] Fetching org.eclipse.ui.ide.source_3.18.100.v20210122-1536.jar from https://mirror.kakao.com/eclipse/releases/2021-03/202103171000/plugins/ (1.25MB)
[2021-08-16 18:57:54] Downloading org.eclipse.osgi.source
[2021-08-16 18:57:54] Fetching org.eclipse.osgi.source_3.16.200.v20210226-1447.jar from https://mirror.kakao.com/eclipse/releases/2021-03/202103171000/plugins/ (1.13MB)
[2021-08-16 18:57:54] Downloading org.eclipse.jdt.core.manipulation.source
[2021-08-16 18:57:54] Downloading org.eclipse.jface.source
[2021-08-16 18:57:54] Fetching org.eclipse.jdt.core.manipulation.source_1.14.300.v20210224-0730.jar from https://mirror.kakao.com/eclipse/releases/2021-03/202103171000/plugins/ (1.05MB)
[2021-08-16 18:57:54] Fetching org.eclipse.jface.source_3.22.100.v20210126-0831.jar from https://mirror.kakao.com/eclipse/releases/2021-03/202103171000/plugins/ (1,022.85kB)
[2021-08-16 18:57:54] Downloading org.eclipse.pde.core.source
[2021-08-16 18:57:54] Downloading com.sun.jna.platform.source
[2021-08-16 18:57:54] Fetching org.eclipse.pde.core.source_3.14.200.v20210208-1154.jar from https://mirror.kakao.com/eclipse/releases/2021-03/202103171000/plugins/ (1,003.83kB)
[2021-08-16 18:57:54] Fetching com.sun.jna.platform.source_4.5.1.v20190425-1842.jar from https://mirror.kakao.com/eclipse/releases/2021-03/202103171000/plugins/ (912.59kB)
[2021-08-16 18:57:54] Downloading org.eclipse.jdt.debug.ui.source
[2021-08-16 18:57:54] Fetching org.eclipse.jdt.debug.ui.source_3.12.200.v20210224-0638.jar from https://mirror.kakao.com/eclipse/releases/2021-03/202103171000/plugins/ (842.88kB)
[2021-08-16 18:57:54] Downloading org.eclipse.jface.text.source
[2021-08-16 18:57:54] Fetching org.eclipse.jface.text.source_3.17.0.v20210213-0904.jar from https://mirror.kakao.com/eclipse/releases/2021-03/202103171000/plugins/ (810.38kB)
[2021-08-16 18:57:54] Downloading org.eclipse.core.resources.source
[2021-08-16 18:57:54] Downloading org.eclipse.team.ui.source
[2021-08-16 18:57:54] Fetching org.eclipse.core.resources.source_3.14.0.v20210215-0934.jar from https://mirror.kakao.com/eclipse/releases/2021-03/202103171000/plugins/ (800.32kB)
[2021-08-16 18:57:54] Fetching org.eclipse.team.ui.source_3.8.1200.v20210204-1156.jar from https://mirror.kakao.com/eclipse/releases/2021-03/202103171000/plugins/ (765.93kB)
[2021-08-16 18:57:55] Downloading org.eclipse.jdt.debug.source
[2021-08-16 18:57:55] Fetching org.eclipse.jdt.debug.source_3.17.100.v20210220-1238.jar from https://mirror.kakao.com/eclipse/releases/2021-03/202103171000/plugins/ (765.13kB)
[2021-08-16 18:57:55] Downloading org.apache.xmlgraphics.source
[2021-08-16 18:57:55] Fetching org.apache.xmlgraphics.source_2.4.0.v20200622-2037.jar from https://mirror.kakao.com/eclipse/releases/2021-03/202103171000/plugins/ (677.47kB)
[2021-08-16 18:57:55] Downloading org.eclipse.pde.api.tools.source
[2021-08-16 18:57:55] Fetching org.eclipse.pde.api.tools.source_1.2.300.v20210205-1814.jar from https://mirror.kakao.com/eclipse/releases/2021-03/202103171000/plugins/ (653.15kB)
[2021-08-16 18:57:55] Downloading org.eclipse.ant.ui.source
[2021-08-16 18:57:55] Fetching org.eclipse.ant.ui.source_3.7.1200.v20210206-1820.jar from https://mirror.kakao.com/eclipse/releases/2021-03/202103171000/plugins/ (610.03kB)
[2021-08-16 18:57:55] Downloading org.eclipse.jetty.server.source
[2021-08-16 18:57:55] Fetching org.eclipse.jetty.server.source_9.4.37.v20210219.jar from https://mirror.kakao.com/eclipse/releases/2021-03/202103171000/plugins/ (444.29kB)
[2021-08-16 18:57:55] Downloading org.eclipse.ui.workbench.texteditor.source
[2021-08-16 18:57:55] Fetching org.eclipse.ui.workbench.texteditor.source_3.16.0.v20210120-0733.jar from https://mirror.kakao.com/eclipse/releases/2021-03/202103171000/plugins/ (428.87kB)
[2021-08-16 18:57:55] Downloading com.google.gwt.servlet
[2021-08-16 18:57:55] Downloading org.eclipse.compare.source
[2021-08-16 18:57:55] Fetching org.eclipse.compare.source_3.7.1300.v20210114-0707.jar from https://mirror.kakao.com/eclipse/releases/2021-03/202103171000/plugins/ (424.12kB)
[2021-08-16 18:57:55] Fetching com.google.gwt.servlet_2.0.4.v20100709-0658.jar.pack.gz from https://mirror.kakao.com/eclipse/releases/2021-03/202103171000/plugins/ (427.83kB)
[2021-08-16 18:57:55] Downloading org.eclipse.debug.core.source
[2021-08-16 18:57:55] Fetching org.eclipse.debug.core.source_3.18.0.v20210222-1101.jar from https://mirror.kakao.com/eclipse/releases/2021-03/202103171000/plugins/ (403.17kB)
[2021-08-16 18:57:55] Downloading org.eclipse.jetty.util.source
[2021-08-16 18:57:56] Downloading org.eclipse.e4.ui.model.workbench.source
[2021-08-16 18:57:56] Fetching org.eclipse.jetty.util.source_9.4.37.v20210219.jar from https://ftp.yz.yamagata-u.ac.jp/pub/eclipse//releases/2021-03/202103171000/plugins/ (394.45kB)
[2021-08-16 18:57:56] Downloading org.eclipse.team.core.source
[2021-08-16 18:57:56] Fetching org.eclipse.e4.ui.model.workbench.source_2.1.1000.v20210111-0958.jar from https://ftp.yz.yamagata-u.ac.jp/pub/eclipse//releases/2021-03/202103171000/plugins/ (376.07kB)
[2021-08-16 18:57:56] Downloading org.apache.commons.jxpath.source
[2021-08-16 18:57:56] Fetching org.eclipse.team.core.source_3.8.1100.v20200806-0621.jar from https://ftp.yz.yamagata-u.ac.jp/pub/eclipse//releases/2021-03/202103171000/plugins/ (367.84kB)
[2021-08-16 18:57:56] Downloading org.eclipse.jdt.apt.core.source
[2021-08-16 18:57:56] Fetching org.eclipse.jdt.apt.core.source_3.6.800.v20200916-0645.jar from https://mirror.kakao.com/eclipse/releases/2021-03/202103171000/plugins/ (355.63kB)
[2021-08-16 18:57:56] Fetching org.apache.commons.jxpath.source_1.3.0.v200911051830.jar.pack.gz from https://ftp.yz.yamagata-u.ac.jp/pub/eclipse//releases/2021-03/202103171000/plugins/ (180.32kB)
[2021-08-16 18:57:56] Downloading org.eclipse.jdt.launching.source
[2021-08-16 18:57:56] Fetching org.eclipse.jdt.launching.source_3.19.100.v20210217-1644.jar from https://mirror.kakao.com/eclipse/releases/2021-03/202103171000/plugins/ (350.79kB)
[2021-08-16 18:57:56] Downloading org.eclipse.ui.editors.source
[2021-08-16 18:57:56] Fetching org.eclipse.ui.editors.source_3.14.0.v20210215-0846.jar from https://mirror.kakao.com/eclipse/releases/2021-03/202103171000/plugins/ (330.07kB)
[2021-08-16 18:57:56] Downloading org.apache.jasper.glassfish.source
[2021-08-16 18:57:56] Downloading org.apache.batik.css.source
[2021-08-16 18:57:56] Fetching org.apache.jasper.glassfish.source_2.2.2.v201501141630.jar.pack.gz from https://mirror.kakao.com/eclipse/releases/2021-03/202103171000/plugins/ (321.04kB)
[2021-08-16 18:57:56] Fetching org.apache.batik.css.source_1.13.0.v20200622-2037.jar from https://mirror.kakao.com/eclipse/releases/2021-03/202103171000/plugins/ (319.46kB)
[2021-08-16 18:57:56] Downloading org.eclipse.pde.build.source
[2021-08-16 18:57:57] Downloading org.eclipse.mylyn.reviews.ui
[2021-08-16 18:57:57] Downloading org.eclipse.ui.navigator.source
[2021-08-16 18:57:57] Fetching org.eclipse.pde.build.source_3.10.1000.v20210130-0813.jar from https://mirror.kakao.com/eclipse/releases/2021-03/202103171000/plugins/ (317.22kB)
[2021-08-16 18:57:57] Fetching org.eclipse.mylyn.reviews.ui_2.16.1.v20200828-1618.jar.pack.gz from https://mirror.kakao.com/eclipse/releases/2021-03/202103171000/plugins/ (213.94kB)
[2021-08-16 18:57:57] Downloading org.eclipse.help.base.source
[2021-08-16 18:57:57] Downloading org.eclipse.search.source
[2021-08-16 18:57:57] Fetching org.eclipse.ui.navigator.source_3.10.0.v20210111-1352.jar from https://mirror.kakao.com/eclipse/releases/2021-03/202103171000/plugins/ (308.95kB)
[2021-08-16 18:57:57] Fetching org.eclipse.search.source_3.13.0.v20210212-0759.jar from https://ftp.yz.yamagata-u.ac.jp/pub/eclipse//releases/2021-03/202103171000/plugins/ (298.73kB)
[2021-08-16 18:57:57] Fetching org.eclipse.help.base.source_4.3.200.v20210303-1800.jar from https://mirror.kakao.com/eclipse/releases/2021-03/202103171000/plugins/ (307.2kB)
[2021-08-16 18:57:57] Downloading org.eclipse.ltk.core.refactoring.source
[2021-08-16 18:57:57] Fetching org.eclipse.ltk.core.refactoring.source_3.11.300.v20210208-1217.jar from https://mirror.kakao.com/eclipse/releases/2021-03/202103171000/plugins/ (295.03kB)
[2021-08-16 18:57:57] Downloading org.eclipse.equinox.p2.ui.source
[2021-08-16 18:57:57] Fetching org.eclipse.equinox.p2.ui.source_2.7.0.v20210114-1216.jar from https://mirror.kakao.com/eclipse/releases/2021-03/202103171000/plugins/ (294.33kB)
[2021-08-16 18:57:57] Downloading com.jcraft.jsch.source
[2021-08-16 18:57:57] Fetching com.jcraft.jsch.source_0.1.55.v20190404-1902.jar from https://mirror.kakao.com/eclipse/releases/2021-03/202103171000/plugins/ (294.21kB)
[2021-08-16 18:57:57] Downloading org.eclipse.mylyn.gerrit.core
[2021-08-16 18:57:57] Fetching org.eclipse.mylyn.gerrit.core_2.16.1.v20200828-1618.jar.pack.gz from https://mirror.kakao.com/eclipse/releases/2021-03/202103171000/plugins/ (197.2kB)
[2021-08-16 18:57:57] Downloading org.apache.commons.io.source
[2021-08-16 18:57:57] Fetching org.apache.commons.io.source_2.6.0.v20190123-2029.jar from https://mirror.kakao.com/eclipse/releases/2021-03/202103171000/plugins/ (293.37kB)
[2021-08-16 18:57:57] Downloading org.eclipse.text.source
[2021-08-16 18:57:58] Downloading org.apache.felix.scr.source
[2021-08-16 18:57:58] Downloading org.eclipse.pde.ua.ui.source
[2021-08-16 18:57:58] Downloading org.junit.source
[2021-08-16 18:57:58] Downloading org.eclipse.ui.intro.source
[2021-08-16 18:57:58] Downloading org.eclipse.ltk.ui.refactoring.source
[2021-08-16 18:57:58] Fetching org.eclipse.ui.intro.source_3.6.100.v20210119-2223.jar from https://mirror.kakao.com/eclipse/releases/2021-03/202103171000/plugins/ (253.75kB)
[2021-08-16 18:57:58] Fetching org.eclipse.text.source_3.11.0.v20210203-1022.jar from https://mirror.kakao.com/eclipse/releases/2021-03/202103171000/plugins/ (279.33kB)
[2021-08-16 18:57:58] Fetching org.apache.felix.scr.source_2.1.24.v20200924-1939.jar from https://mirror.kakao.com/eclipse/releases/2021-03/202103171000/plugins/ (278.04kB)
[2021-08-16 18:57:58] Fetching org.junit.source_4.13.0.v20200204-1500.jar from https://mirror.kakao.com/eclipse/releases/2021-03/202103171000/plugins/ (258.21kB)
[2021-08-16 18:57:58] Downloading org.eclipse.ui.cheatsheets.source
[2021-08-16 18:57:58] Fetching org.eclipse.pde.ua.ui.source_1.2.100.v20201105-1530.jar from https://ftp.yz.yamagata-u.ac.jp/pub/eclipse//releases/2021-03/202103171000/plugins/ (272.56kB)
[2021-08-16 18:57:58] Fetching org.eclipse.ltk.ui.refactoring.source_3.11.300.v20210112-0706.jar from https://ftp.yz.yamagata-u.ac.jp/pub/eclipse//releases/2021-03/202103171000/plugins/ (251.13kB)
[2021-08-16 18:57:58] Fetching org.eclipse.pde.ua.ui.source_1.2.100.v20201105-1530.jar from https://ftp.yz.yamagata-u.ac.jp/pub/eclipse//releases/2021-03/202103171000/plugins/ (272.56kB)
[2021-08-16 18:57:58] Fetching org.eclipse.ltk.ui.refactoring.source_3.11.300.v20210112-0706.jar from https://ftp.yz.yamagata-u.ac.jp/pub/eclipse//releases/2021-03/202103171000/plugins/ (251.13kB)
[2021-08-16 18:57:58] Downloading org.eclipse.pde.api.tools.ui.source
[2021-08-16 18:57:58] Downloading org.eclipse.equinox.p2.metadata.source
[2021-08-16 18:57:58] Fetching org.eclipse.equinox.p2.metadata.source_2.5.100.v20200908-1020.jar from https://mirror.kakao.com/eclipse/releases/2021-03/202103171000/plugins/ (247.75kB)
[2021-08-16 18:57:58] Fetching org.eclipse.pde.api.tools.ui.source_1.2.200.v20210118-0937.jar from https://mirror.kakao.com/eclipse/releases/2021-03/202103171000/plugins/ (250.49kB)
[2021-08-16 18:57:58] Fetching org.eclipse.ui.cheatsheets.source_3.7.200.v20210121-1039.jar from https://ftp.yz.yamagata-u.ac.jp/pub/eclipse//releases/2021-03/202103171000/plugins/ (251.12kB)
[2021-08-16 18:57:58] Downloading org.eclipse.osgi.services.source
[2021-08-16 18:57:58] Fetching org.eclipse.osgi.services.source_3.10.0.v20210212-1137.jar from https://mirror.kakao.com/eclipse/releases/2021-03/202103171000/plugins/ (244.91kB)
[2021-08-16 18:57:59] Downloading javax.servlet.source
[2021-08-16 18:57:59] Fetching javax.servlet.source_3.1.0.v201410161800.jar.pack.gz from https://mirror.kakao.com/eclipse/releases/2021-03/202103171000/plugins/ (118.48kB)
[2021-08-16 18:57:59] Downloading org.eclipse.jface.databinding.source
[2021-08-16 18:57:59] Downloading org.eclipse.help.ui.source
[2021-08-16 18:57:59] Downloading javax.servlet.jsp.source
[2021-08-16 18:57:59] Fetching org.eclipse.jface.databinding.source_1.12.200.v20210111-0911.jar from https://mirror.kakao.com/eclipse/releases/2021-03/202103171000/plugins/ (230.28kB)
[2021-08-16 18:57:59] Fetching org.eclipse.help.ui.source_4.2.200.v20210123-1004.jar from https://mirror.kakao.com/eclipse/releases/2021-03/202103171000/plugins/ (220.62kB)
[2021-08-16 18:57:59] Downloading org.eclipse.ui.forms.source
[2021-08-16 18:57:59] Fetching org.eclipse.ui.forms.source_3.11.100.v20210108-1139.jar from https://mirror.kakao.com/eclipse/releases/2021-03/202103171000/plugins/ (217.7kB)
[2021-08-16 18:57:59] Fetching javax.servlet.jsp.source_2.2.0.v201112011158.jar.pack.gz from https://mirror.kakao.com/eclipse/releases/2021-03/202103171000/plugins/ (129.79kB)
[2021-08-16 18:57:59] Downloading org.eclipse.mylyn.builds.ui
[2021-08-16 18:57:59] Fetching org.eclipse.mylyn.builds.ui_1.17.0.v20200730-1155.jar.pack.gz from https://mirror.kakao.com/eclipse/releases/2021-03/202103171000/plugins/ (217.45kB)
[2021-08-16 18:57:59] Downloading org.eclipse.core.databinding.observable.source
[2021-08-16 18:57:59] Fetching org.eclipse.core.databinding.observable.source_1.10.0.v20200730-0848.jar from https://mirror.kakao.com/eclipse/releases/2021-03/202103171000/plugins/ (208kB)
[2021-08-16 18:57:59] Downloading org.eclipse.e4.ui.css.core.source
[2021-08-16 18:57:59] Fetching org.eclipse.e4.ui.css.core.source_0.13.0.v20201015-0653.jar from https://mirror.kakao.com/eclipse/releases/2021-03/202103171000/plugins/ (206.25kB)
[2021-08-16 18:57:59] Downloading org.eclipse.help.webapp.source
[2021-08-16 18:57:59] Fetching org.eclipse.help.webapp.source_3.10.200.v20210222-1057.jar from https://mirror.kakao.com/eclipse/releases/2021-03/202103171000/plugins/ (198.82kB)
[2021-08-16 18:57:59] Downloading org.eclipse.jdt.junit.source
[2021-08-16 18:57:59] Downloading org.junit.jupiter.api.source
[2021-08-16 18:57:59] Downloading javax.servlet
[2021-08-16 18:57:59] Fetching org.eclipse.jdt.junit.source_3.11.1100.v20210203-1102.jar from https://mirror.kakao.com/eclipse/releases/2021-03/202103171000/plugins/ (198.13kB)
[2021-08-16 18:57:59] Fetching org.junit.jupiter.api.source_5.7.1.v20210222-1948.jar from https://mirror.kakao.com/eclipse/releases/2021-03/202103171000/plugins/ (197.02kB)
[2021-08-16 18:57:59] Downloading org.objectweb.asm.source
[2021-08-16 18:57:59] Fetching org.objectweb.asm.source_9.1.0.v20210209-1849.jar from https://mirror.kakao.com/eclipse/releases/2021-03/202103171000/plugins/ (188.4kB)
[2021-08-16 18:57:59] Downloading org.eclipse.mylyn.gerrit.ui
[2021-08-16 18:57:59] Fetching javax.servlet_3.0.0.v201112011016.jar.pack.gz from https://ftp.yz.yamagata-u.ac.jp/pub/eclipse//releases/2021-03/202103171000/plugins/ (119.46kB)
[2021-08-16 18:57:59] Fetching org.eclipse.mylyn.gerrit.ui_2.16.1.v20200828-1618.jar.pack.gz from https://mirror.kakao.com/eclipse/releases/2021-03/202103171000/plugins/ (110.78kB)
[2021-08-16 18:57:59] Downloading org.eclipse.help.source
[2021-08-16 18:57:59] Fetching org.eclipse.help.source_3.8.800.v20200525-0755.jar from https://mirror.kakao.com/eclipse/releases/2021-03/202103171000/plugins/ (180kB)
[2021-08-16 18:57:59] Downloading org.eclipse.equinox.p2.repository.tools.source
[2021-08-16 18:57:59] Fetching org.eclipse.equinox.p2.repository.tools.source_2.2.600.v20210114-1107.jar from https://mirror.kakao.com/eclipse/releases/2021-03/202103171000/plugins/ (178.62kB)
[2021-08-16 18:58:00] Downloading org.eclipse.equinox.registry.source
[2021-08-16 18:58:00] Fetching org.eclipse.equinox.registry.source_3.10.100.v20210212-1143.jar from https://mirror.kakao.com/eclipse/releases/2021-03/202103171000/plugins/ (176.17kB)
[2021-08-16 18:58:00] Downloading org.eclipse.mylyn.reviews.core
[2021-08-16 18:58:00] Fetching org.eclipse.mylyn.reviews.core_2.16.1.v20200828-1618.jar.pack.gz from https://mirror.kakao.com/eclipse/releases/2021-03/202103171000/plugins/ (120.58kB)
[2021-08-16 18:58:00] Downloading org.eclipse.e4.ui.workbench.source
[2021-08-16 18:58:00] Fetching org.eclipse.e4.ui.workbench.source_1.12.100.v20210122-1731.jar from https://mirror.kakao.com/eclipse/releases/2021-03/202103171000/plugins/ (163.88kB)
[2021-08-16 18:58:00] Downloading org.eclipse.e4.ui.css.swt.source
[2021-08-16 18:58:00] Fetching org.eclipse.e4.ui.css.swt.source_0.14.100.v20201217-1340.jar from https://mirror.kakao.com/eclipse/releases/2021-03/202103171000/plugins/ (163.68kB)
[2021-08-16 18:58:00] Downloading com.sun.jna.source
[2021-08-16 18:58:00] Downloading org.eclipse.platform.ide.executable.win32.win32.x86_64
[2021-08-16 18:58:00] Downloading org.junit.platform.engine.source
[2021-08-16 18:58:00] Fetching com.sun.jna.source_4.5.1.v20190425-1842.jar from https://mirror.kakao.com/eclipse/releases/2021-03/202103171000/plugins/ (163.15kB)
[2021-08-16 18:58:00] Fetching org.junit.platform.engine.source_1.7.1.v20210222-1948.jar from https://mirror.kakao.com/eclipse/releases/2021-03/202103171000/plugins/ (152.5kB)
[2021-08-16 18:58:00] Downloading org.eclipse.core.commands.source
[2021-08-16 18:58:00] Fetching org.eclipse.core.commands.source_3.9.800.v20201021-1339.jar from https://mirror.kakao.com/eclipse/releases/2021-03/202103171000/plugins/ (150.67kB)
[2021-08-16 18:58:00] Downloading org.tukaani.xz.source
[2021-08-16 18:58:00] Downloading org.eclipse.equinox.p2.publisher.eclipse.source
[2021-08-16 18:58:00] Fetching org.tukaani.xz.source_1.8.0.v20180207-1613.jar from https://mirror.kakao.com/eclipse/releases/2021-03/202103171000/plugins/ (149.53kB)
[2021-08-16 18:58:00] Downloading org.eclipse.core.databinding.source
[2021-08-16 18:58:00] Fetching org.eclipse.equinox.p2.publisher.eclipse.source_1.3.800.v20210205-1231.jar from https://mirror.kakao.com/eclipse/releases/2021-03/202103171000/plugins/ (149.21kB)
[2021-08-16 18:58:00] Fetching org.eclipse.core.databinding.source_1.10.100.v20200926-1123.jar from https://mirror.kakao.com/eclipse/releases/2021-03/202103171000/plugins/ (145.76kB)
[2021-08-16 18:58:00] Downloading org.eclipse.ui.source
[2021-08-16 18:58:00] Fetching org.eclipse.ui.source_3.119.0.v20210111-1350.jar from https://mirror.kakao.com/eclipse/releases/2021-03/202103171000/plugins/ (145.52kB)
[2021-08-16 18:58:00] Downloading org.eclipse.equinox.common.source
[2021-08-16 18:58:00] Downloading org.eclipse.mylyn.builds.core
[2021-08-16 18:58:01] Fetching org.eclipse.equinox.common.source_3.14.100.v20210212-1143.jar from https://mirror.kakao.com/eclipse/releases/2021-03/202103171000/plugins/ (144.54kB)
[2021-08-16 18:58:01] Fetching org.eclipse.mylyn.builds.core_1.17.0.v20200730-1155.jar.pack.gz from https://mirror.kakao.com/eclipse/releases/2021-03/202103171000/plugins/ (143.19kB)
[2021-08-16 18:58:01] Downloading org.eclipse.osgi.compatibility.state.source
[2021-08-16 18:58:01] Downloading org.eclipse.equinox.http.servlet.source
[2021-08-16 18:58:01] Downloading org.eclipse.jetty.http.source
[2021-08-16 18:58:01] Fetching org.eclipse.osgi.compatibility.state.source_1.2.300.v20210212-1137.jar from https://mirror.kakao.com/eclipse/releases/2021-03/202103171000/plugins/ (143.08kB)
[2021-08-16 18:58:01] Fetching org.eclipse.equinox.http.servlet.source_1.7.0.v20210202-1229.jar from https://mirror.kakao.com/eclipse/releases/2021-03/202103171000/plugins/ (140.86kB)
[2021-08-16 18:58:01] Fetching org.eclipse.jetty.http.source_9.4.37.v20210219.jar from https://mirror.kakao.com/eclipse/releases/2021-03/202103171000/plugins/ (140.15kB)
[2021-08-16 18:58:01] Downloading org.eclipse.e4.ui.workbench.renderers.swt.source
[2021-08-16 18:58:01] Fetching org.eclipse.e4.ui.workbench.renderers.swt.source_0.15.0.v20201125-0918.jar from https://mirror.kakao.com/eclipse/releases/2021-03/202103171000/plugins/ (139.58kB)
[2021-08-16 18:58:01] Downloading org.junit.jupiter.engine.source
[2021-08-16 18:58:01] Fetching org.junit.jupiter.engine.source_5.7.1.v20210222-1948.jar from https://mirror.kakao.com/eclipse/releases/2021-03/202103171000/plugins/ (138.86kB)
[2021-08-16 18:58:01] Downloading org.eclipse.equinox.p2.engine.source
[2021-08-16 18:58:01] Fetching org.eclipse.equinox.p2.engine.source_2.6.700.v20200511-1530.jar from https://mirror.kakao.com/eclipse/releases/2021-03/202103171000/plugins/ (138.75kB)
[2021-08-16 18:58:01] Downloading org.eclipse.ui.console.source
[2021-08-16 18:58:01] Fetching org.eclipse.ui.console.source_3.10.100.v20201211-1511.jar from https://mirror.kakao.com/eclipse/releases/2021-03/202103171000/plugins/ (136.96kB)
[2021-08-16 18:58:01] Downloading com.google.gwtjsonrpc
[2021-08-16 18:58:01] Fetching com.google.gwtjsonrpc_1.2.5.v201112241444.jar.pack.gz from https://mirror.kakao.com/eclipse/releases/2021-03/202103171000/plugins/ (54.01kB)
[2021-08-16 18:58:01] Downloading org.eclipse.jdt.compiler.apt.source
[2021-08-16 18:58:01] Fetching org.eclipse.jdt.compiler.apt.source_1.3.1200.v20200916-0645.jar from https://mirror.kakao.com/eclipse/releases/2021-03/202103171000/plugins/ (135.62kB)
[2021-08-16 18:58:01] Downloading org.eclipse.ant.launching.source
[2021-08-16 18:58:01] Fetching org.eclipse.ant.launching.source_1.2.1000.v20200610-1458.jar from https://mirror.kakao.com/eclipse/releases/2021-03/202103171000/plugins/ (128.07kB)
[2021-08-16 18:58:01] Downloading org.apache.batik.util.source
[2021-08-16 18:58:01] Fetching org.apache.batik.util.source_1.13.0.v20200622-2037.jar from https://mirror.kakao.com/eclipse/releases/2021-03/202103171000/plugins/ (126.65kB)
[2021-08-16 18:58:02] Downloading org.eclipse.equinox.p2.repository.source
[2021-08-16 18:58:02] Fetching org.eclipse.equinox.p2.repository.source_2.5.0.v20201013-0853.jar from https://mirror.kakao.com/eclipse/releases/2021-03/202103171000/plugins/ (121.32kB)
[2021-08-16 18:58:02] Downloading org.eclipse.mylyn.gerrit.dashboard.ui
[2021-08-16 18:58:02] Fetching org.eclipse.mylyn.gerrit.dashboard.ui_2.16.1.v20200828-1618.jar.pack.gz from https://mirror.kakao.com/eclipse/releases/2021-03/202103171000/plugins/ (72.87kB)
[2021-08-16 18:58:02] Downloading org.eclipse.equinox.preferences.source
[2021-08-16 18:58:02] Fetching org.eclipse.equinox.preferences.source_3.8.200.v20210212-1143.jar from https://mirror.kakao.com/eclipse/releases/2021-03/202103171000/plugins/ (115.63kB)
[2021-08-16 18:58:02] Downloading org.apache.felix.gogo.runtime.source
[2021-08-16 18:58:02] Downloading org.eclipse.jdt.junit.core.source
[2021-08-16 18:58:02] Downloading org.eclipse.e4.tools
[2021-08-16 18:58:02] Downloading org.eclipse.core.jobs.source
[2021-08-16 18:58:02] Fetching org.apache.felix.gogo.runtime.source_1.1.4.v20210111-1007.jar from https://mirror.kakao.com/eclipse/releases/2021-03/202103171000/plugins/ (114.26kB)
[2021-08-16 18:58:02] Fetching org.eclipse.jdt.junit.core.source_3.10.1000.v20210112-0706.jar from https://mirror.kakao.com/eclipse/releases/2021-03/202103171000/plugins/ (113.73kB)
[2021-08-16 18:58:02] Fetching org.eclipse.e4.tools_4.9.0.v20200923-1123.jar.pack.gz from https://mirror.kakao.com/eclipse/releases/2021-03/202103171000/plugins/ (47.95kB)
[2021-08-16 18:58:02] Downloading org.eclipse.pde.ui.templates.source
[2021-08-16 18:58:02] Fetching org.eclipse.pde.ui.templates.source_3.7.200.v20201208-0953.jar from https://mirror.kakao.com/eclipse/releases/2021-03/202103171000/plugins/ (107.52kB)
[2021-08-16 18:58:02] Downloading org.eclipse.equinox.p2.artifact.repository.source
[2021-08-16 18:58:02] Fetching org.eclipse.equinox.p2.artifact.repository.source_1.4.0.v20210129-2007.jar from https://mirror.kakao.com/eclipse/releases/2021-03/202103171000/plugins/ (107.02kB)
[2021-08-16 18:58:02] Fetching org.eclipse.core.jobs.source_3.10.1100.v20210111-0815.jar from https://ftp.yz.yamagata-u.ac.jp/pub/eclipse//releases/2021-03/202103171000/plugins/ (107.64kB)
[2021-08-16 18:58:02] Downloading org.eclipse.pde.ua.core.source
[2021-08-16 18:58:02] Fetching org.eclipse.pde.ua.core.source_1.2.200.v20210208-1459.jar from https://mirror.kakao.com/eclipse/releases/2021-03/202103171000/plugins/ (104.7kB)
[2021-08-16 18:58:02] Downloading org.eclipse.egit.gitflow.ui
[2021-08-16 18:58:02] Fetching org.eclipse.egit.gitflow.ui_5.11.0.202103091610-r.jar.pack.gz from https://mirror.kakao.com/eclipse/releases/2021-03/202103171000/plugins/ (38.4kB)
[2021-08-16 18:58:02] Downloading org.eclipse.jetty.io.source
[2021-08-16 18:58:02] Fetching org.eclipse.jetty.io.source_9.4.37.v20210219.jar from https://mirror.kakao.com/eclipse/releases/2021-03/202103171000/plugins/ (103.82kB)
[2021-08-16 18:58:02] Downloading org.eclipse.ui.navigator.resources.source
[2021-08-16 18:58:02] Fetching org.eclipse.ui.navigator.resources.source_3.8.0.v20210209-1136.jar from https://mirror.kakao.com/eclipse/releases/2021-03/202103171000/plugins/ (102.49kB)
[2021-08-16 18:58:02] Downloading org.eclipse.equinox.security.source
[2021-08-16 18:58:02] Fetching org.eclipse.equinox.security.source_1.3.600.v20210126-1005.jar from https://mirror.kakao.com/eclipse/releases/2021-03/202103171000/plugins/ (102.02kB)
[2021-08-16 18:58:03] Downloading org.junit.platform.launcher.source
[2021-08-16 18:58:03] Fetching org.junit.platform.launcher.source_1.7.1.v20210222-1948.jar from https://mirror.kakao.com/eclipse/releases/2021-03/202103171000/plugins/ (101.55kB)
[2021-08-16 18:58:03] Downloading org.eclipse.swt.tools
[2021-08-16 18:58:03] Fetching org.eclipse.swt.tools_3.109.0.v20210126-2343.jar.pack.gz from https://mirror.kakao.com/eclipse/releases/2021-03/202103171000/plugins/ (98.1kB)
[2021-08-16 18:58:03] Downloading javax.el.source
[2021-08-16 18:58:03] Fetching javax.el.source_2.2.0.v201303151357.jar.pack.gz from https://mirror.kakao.com/eclipse/releases/2021-03/202103171000/plugins/ (57.06kB)
[2021-08-16 18:58:03] Downloading org.eclipse.ant.core.source
[2021-08-16 18:58:03] Downloading org.eclipse.ui.browser.source
[2021-08-16 18:58:03] Downloading org.eclipse.equinox.p2.touchpoint.eclipse.source
[2021-08-16 18:58:03] Fetching org.eclipse.ant.core.source_3.5.800.v20200608-1251.jar from https://mirror.kakao.com/eclipse/releases/2021-03/202103171000/plugins/ (97.16kB)
[2021-08-16 18:58:03] Fetching org.eclipse.ui.browser.source_3.6.1100.v20210118-1327.jar from https://mirror.kakao.com/eclipse/releases/2021-03/202103171000/plugins/ (96.14kB)
[2021-08-16 18:58:03] Downloading org.eclipse.pde.ds.ui.source
[2021-08-16 18:58:03] Fetching org.eclipse.ui.browser.source_3.6.1100.v20210118-1327.jar from https://mirror.kakao.com/eclipse/releases/2021-03/202103171000/plugins/ (96.14kB)
[2021-08-16 18:58:03] Fetching org.eclipse.equinox.p2.touchpoint.eclipse.source_2.2.800.v20210115-1344.jar from https://mirror.kakao.com/eclipse/releases/2021-03/202103171000/plugins/ (96.12kB)
[2021-08-16 18:58:03] Downloading org.eclipse.e4.ui.workbench.swt.source
[2021-08-16 18:58:03] Fetching org.eclipse.pde.ds.ui.source_1.2.0.v20200813-0954.jar from https://mirror.kakao.com/eclipse/releases/2021-03/202103171000/plugins/ (94.77kB)
[2021-08-16 18:58:03] Downloading org.eclipse.core.databinding.property.source
[2021-08-16 18:58:03] Fetching org.eclipse.core.databinding.property.source_1.8.100.v20200619-0651.jar from https://mirror.kakao.com/eclipse/releases/2021-03/202103171000/plugins/ (94.56kB)
[2021-08-16 18:58:03] Downloading org.eclipse.jetty.security.source
[2021-08-16 18:58:03] Fetching org.eclipse.jetty.security.source_9.4.37.v20210219.jar from https://mirror.kakao.com/eclipse/releases/2021-03/202103171000/plugins/ (94.42kB)
[2021-08-16 18:58:03] Fetching org.eclipse.e4.ui.workbench.swt.source_0.16.0.v20201230-1610.jar from https://ftp.yz.yamagata-u.ac.jp/pub/eclipse//releases/2021-03/202103171000/plugins/ (94.57kB)
[2021-08-16 18:58:03] Downloading org.eclipse.pde.launching.source
[2021-08-16 18:58:03] Fetching org.eclipse.pde.launching.source_3.9.200.v20201208-1742.jar from https://mirror.kakao.com/eclipse/releases/2021-03/202103171000/plugins/ (93.19kB)
[2021-08-16 18:58:03] Downloading com.google.gerrit.common
[2021-08-16 18:58:03] Fetching com.google.gerrit.common_2.1.5.v201112241444.jar.pack.gz from https://mirror.kakao.com/eclipse/releases/2021-03/202103171000/plugins/ (36.61kB)
[2021-08-16 18:58:03] Downloading org.eclipse.ui.genericeditor.source
[2021-08-16 18:58:03] Fetching org.eclipse.ui.genericeditor.source_1.2.0.v20210129-1224.jar from https://mirror.kakao.com/eclipse/releases/2021-03/202103171000/plugins/ (92.19kB)
[2021-08-16 18:58:03] Downloading org.eclipse.core.filesystem.source
[2021-08-16 18:58:03] Fetching org.eclipse.core.filesystem.source_1.7.700.v20200110-1734.jar from https://mirror.kakao.com/eclipse/releases/2021-03/202103171000/plugins/ (90.36kB)
[2021-08-16 18:58:03] Downloading org.junit.platform.commons.source
[2021-08-16 18:58:03] Fetching org.junit.platform.commons.source_1.7.1.v20210222-1948.jar from https://mirror.kakao.com/eclipse/releases/2021-03/202103171000/plugins/ (90.3kB)
[2021-08-16 18:58:04] Downloading org.w3c.dom.svg.source
[2021-08-16 18:58:04] Downloading org.eclipse.jetty.servlet.source
[2021-08-16 18:58:04] Fetching org.w3c.dom.svg.source_1.1.0.v201011041433.jar from https://mirror.kakao.com/eclipse/releases/2021-03/202103171000/plugins/ (89.33kB)
[2021-08-16 18:58:04] Fetching org.eclipse.jetty.servlet.source_9.4.37.v20210219.jar from https://mirror.kakao.com/eclipse/releases/2021-03/202103171000/plugins/ (88.11kB)
[2021-08-16 18:58:04] Fetching org.w3c.dom.svg.source_1.1.0.v201011041433.jar from https://mirror.kakao.com/eclipse/releases/2021-03/202103171000/plugins/ (89.33kB)
[2021-08-16 18:58:04] Downloading org.eclipse.core.filebuffers.source
[2021-08-16 18:58:04] Downloading org.eclipse.core.expressions.source
[2021-08-16 18:58:04] Fetching org.eclipse.core.expressions.source_3.7.100.v20210203-1000.jar from https://mirror.kakao.com/eclipse/releases/2021-03/202103171000/plugins/ (86.87kB)
[2021-08-16 18:58:04] Fetching org.eclipse.core.filebuffers.source_3.6.1100.v20201029-1159.jar from https://mirror.kakao.com/eclipse/releases/2021-03/202103171000/plugins/ (87.58kB)
[2021-08-16 18:58:04] Downloading org.objectweb.asm.tree.source
[2021-08-16 18:58:04] Fetching org.objectweb.asm.tree.source_9.1.0.v20210209-1849.jar from https://mirror.kakao.com/eclipse/releases/2021-03/202103171000/plugins/ (86.62kB)
[2021-08-16 18:58:04] Downloading org.eclipse.equinox.security.ui.source
[2021-08-16 18:58:04] Downloading org.apache.commons.logging.source
[2021-08-16 18:58:04] Fetching org.eclipse.equinox.security.ui.source_1.3.0.v20210121-0947.jar from https://mirror.kakao.com/eclipse/releases/2021-03/202103171000/plugins/ (85.51kB)
[2021-08-16 18:58:04] Fetching org.apache.commons.logging.source_1.2.0.v20180409-1502.jar from https://mirror.kakao.com/eclipse/releases/2021-03/202103171000/plugins/ (85.46kB)
[2021-08-16 18:58:04] Downloading org.eclipse.equinox.console.source
[2021-08-16 18:58:04] Fetching org.eclipse.equinox.console.source_1.4.300.v20210211-2058.jar from https://mirror.kakao.com/eclipse/releases/2021-03/202103171000/plugins/ (84.65kB)
[2021-08-16 18:58:04] Downloading org.junit.jupiter.params.source
[2021-08-16 18:58:04] Fetching org.junit.jupiter.params.source_5.7.1.v20210222-1948.jar from https://mirror.kakao.com/eclipse/releases/2021-03/202103171000/plugins/ (84.22kB)
[2021-08-16 18:58:04] Downloading org.eclipse.core.runtime.source
[2021-08-16 18:58:04] Downloading org.eclipse.pde.runtime.source
[2021-08-16 18:58:04] Fetching org.eclipse.core.runtime.source_3.20.100.v20210111-0815.jar from https://mirror.kakao.com/eclipse/releases/2021-03/202103171000/plugins/ (84.15kB)
[2021-08-16 18:58:04] Fetching org.eclipse.pde.runtime.source_3.7.100.v20210208-1005.jar from https://mirror.kakao.com/eclipse/releases/2021-03/202103171000/plugins/ (83.44kB)
[2021-08-16 18:58:04] Downloading org.eclipse.ui.views.properties.tabbed.source
[2021-08-16 18:58:04] Fetching org.eclipse.ui.views.properties.tabbed.source_3.9.100.v20201223-1348.jar from https://mirror.kakao.com/eclipse/releases/2021-03/202103171000/plugins/ (82.81kB)
[2021-08-16 18:58:04] Downloading org.eclipse.ui.externaltools.source
[2021-08-16 18:58:04] Fetching org.eclipse.ui.externaltools.source_3.4.900.v20201105-0600.jar from https://mirror.kakao.com/eclipse/releases/2021-03/202103171000/plugins/ (82.15kB)
[2021-08-16 18:58:05] Downloading org.eclipse.core.contenttype.source
[2021-08-16 18:58:05] Downloading org.eclipse.ui.views.source
[2021-08-16 18:58:05] Fetching org.eclipse.core.contenttype.source_3.7.900.v20210111-0918.jar from https://mirror.kakao.com/eclipse/releases/2021-03/202103171000/plugins/ (81.97kB)
[2021-08-16 18:58:05] Fetching org.eclipse.ui.views.source_3.11.0.v20210111-1351.jar from https://mirror.kakao.com/eclipse/releases/2021-03/202103171000/plugins/ (80.28kB)
[2021-08-16 18:58:05] Downloading org.eclipse.e4.ui.workbench.addons.swt.source
[2021-08-16 18:58:05] Downloading org.eclipse.pde.ds.annotations.source
[2021-08-16 18:58:05] Fetching org.eclipse.e4.ui.workbench.addons.swt.source_1.4.100.v20201221-2332.jar from https://mirror.kakao.com/eclipse/releases/2021-03/202103171000/plugins/ (77.5kB)
[2021-08-16 18:58:05] Fetching org.eclipse.pde.ds.annotations.source_1.2.100.v20210211-1236.jar from https://mirror.kakao.com/eclipse/releases/2021-03/202103171000/plugins/ (77.36kB)
[2021-08-16 18:58:05] Downloading org.eclipse.equinox.app.source
[2021-08-16 18:58:05] Fetching org.eclipse.equinox.app.source_1.5.100.v20210212-1143.jar from https://mirror.kakao.com/eclipse/releases/2021-03/202103171000/plugins/ (76.52kB)
[2021-08-16 18:58:05] Downloading org.eclipse.update.configurator.source
[2021-08-16 18:58:05] Fetching org.eclipse.update.configurator.source_3.4.700.v20200907-1237.jar from https://mirror.kakao.com/eclipse/releases/2021-03/202103171000/plugins/ (76.39kB)
[2021-08-16 19:00:17] Mirrored 264 artifacts from https://mirror.kakao.com/eclipse/releases/2021-03/202103171000/ at 2,318kb/s
[2021-08-16 19:00:17] Mirrored 24 artifacts from https://ftp.yz.yamagata-u.ac.jp/pub/eclipse//releases/2021-03/202103171000/ at 1,230kb/s
[2021-08-16 19:00:17] Mirrored 1 artifacts from https://ftp.yz.yamagata-u.ac.jp/pub/eclipse/releases/2021-03/202103171000/ at 24kb/s
[2021-08-16 19:00:17] Mirrored 1 artifacts from https://mirrors.tuna.tsinghua.edu.cn/eclipse/releases/2021-03/202103171000/ at 24kb/s
[2021-08-16 19:00:17] Mirrored 1 artifacts from https://ftp.jaist.ac.jp/pub/eclipse/releases/2021-03/202103171000/ at 23kb/s
[2021-08-16 19:00:17] Mirrored 1 artifacts from http://download.eclipse.org/releases/2021-03/202103171000/ at 21kb/s
[2021-08-16 19:00:17] Mirrored 1 artifacts from https://mirrors.neusoft.edu.cn/eclipse/releases/2021-03/202103171000/ at 15kb/s
[2021-08-16 19:00:17] Mirrored 1 artifacts from https://mirrors.nju.edu.cn/eclipse//releases/2021-03/202103171000/ at 15kb/s
[2021-08-16 19:00:17] Mirrored 1 artifacts from https://mirrors.xmission.com/eclipse/releases/2021-03/202103171000/ at 12kb/s
[2021-08-16 19:00:17] Mirrored 1 artifacts from https://mirror.library.ucy.ac.cy/eclipse/releases/2021-03/202103171000/ at 9kb/s
[2021-08-16 19:00:17] Mirrored 1 artifacts from https://mirrors.ustc.edu.cn/eclipse/releases/2021-03/202103171000/ at 8kb/s
[2021-08-16 19:00:17] Mirrored 1 artifacts from https://ftp.harukasan.org/eclipse/releases/2021-03/202103171000/ at 0kb/s with 1 failures
[2021-08-16 19:00:17] Mirrored 1 artifacts from https://ftp.harukasan.org/eclipse//releases/2021-03/202103171000/ at 0kb/s with 1 failures
[2021-08-16 19:00:17] Collected 302 artifacts for http://download.eclipse.org/releases/2021-03/202103171000 in 167.863s
[2021-08-16 19:00:17] The engine operation was cancelled and the changes are being rolled back.
[2021-08-16 19:00:17] 
